#
# There is insufficient memory for the Java Runtime Environment to continue.
# Native memory allocation (malloc) failed to allocate 2380816 bytes for Chunk::new
# Possible reasons:
#   The system is out of physical RAM or swap space
#   The process is running with CompressedOops enabled, and the Java Heap may be blocking the growth of the native heap
# Possible solutions:
#   Reduce memory load on the system
#   Increase physical memory or swap space
#   Check if swap backing store is full
#   Decrease Java heap size (-Xmx/-Xms)
#   Decrease number of Java threads
#   Decrease Java thread stack sizes (-Xss)
#   Set larger code cache with -XX:ReservedCodeCacheSize=
#   JVM is running with Unscaled Compressed Oops mode in which the Java heap is
#     placed in the first 4GB address space. The Java Heap base address is the
#     maximum limit for the native heap growth. Please use -XX:HeapBaseMinAddress
#     to set the Java Heap base and to place the Java Heap above 4GB virtual address.
# This output file may be truncated or incomplete.
#
#  Out of Memory Error (allocation.cpp:389), pid=5756, tid=0x0000000000001cb8
#
# JRE version: OpenJDK Runtime Environment (8.0_242-b01) (build 1.8.0_242-release-1644-b01)
# Java VM: OpenJDK 64-Bit Server VM (25.242-b01 mixed mode windows-amd64 compressed oops)
# Failed to write core dump. Minidumps are not enabled by default on client versions of Windows
#

---------------  T H R E A D  ---------------

Current thread (0x00000000571b7000):  JavaThread "C2 CompilerThread0" daemon [_thread_in_native, id=7352, stack(0x0000000058f00000,0x0000000059000000)]

Stack: [0x0000000058f00000,0x0000000059000000]
[error occurred during error reporting (printing stack bounds), id 0xc0000005]

Native frames: (J=compiled Java code, j=interpreted, Vv=VM code, C=native code)


Current CompileTask:
C2: 415948 17874       4       com.android.tools.r8.ir.regalloc.a::a (4001 bytes)


---------------  P R O C E S S  ---------------

Java Threads: ( => current thread )
  0x00000000636dc800 JavaThread "WorkerExecutor Queue Thread 4" [_thread_blocked, id=7632, stack(0x000000005ebe0000,0x000000005ece0000)]
  0x000000005e1a1800 JavaThread "WorkerExecutor Queue Thread 2" [_thread_blocked, id=4024, stack(0x000000006f910000,0x000000006fa10000)]
  0x000000005e1a0000 JavaThread "WorkerExecutor Queue" [_thread_blocked, id=2964, stack(0x000000006f6e0000,0x000000006f7e0000)]
  0x000000005e19f000 JavaThread "Cache worker for execution history cache (Z:\KUYliah\Pemrograman Mobile\tugas\1\CustomListView\.gradle\6.7\executionHistory)" [_thread_blocked, id=5248, stack(0x000000006f3c0000,0x000000006f4c0000)]
  0x000000005e19e800 JavaThread "Execution worker for ':' Thread 3" [_thread_blocked, id=4028, stack(0x000000005bf80000,0x000000005c080000)]
  0x000000005e19d800 JavaThread "Execution worker for ':' Thread 2" [_thread_blocked, id=4852, stack(0x000000006be80000,0x000000006bf80000)]
  0x000000005e19d000 JavaThread "Execution worker for ':'" [_thread_blocked, id=5808, stack(0x000000006b620000,0x000000006b720000)]
  0x000000005e19c000 JavaThread "build event listener" [_thread_blocked, id=7052, stack(0x000000005c450000,0x000000005c550000)]
  0x000000005a0a4000 JavaThread "build event listener" [_thread_blocked, id=1348, stack(0x000000005c1f0000,0x000000005c2f0000)]
  0x000000005a0b1800 JavaThread "Memory manager" [_thread_blocked, id=204, stack(0x000000006b990000,0x000000006ba90000)]
  0x000000005df47800 JavaThread "jar transforms Thread 101" [_thread_blocked, id=4936, stack(0x000000006a990000,0x000000006aa90000)]
  0x000000005df46800 JavaThread "jar transforms Thread 100" [_thread_blocked, id=5660, stack(0x000000006bac0000,0x000000006bbc0000)]
  0x000000005df46000 JavaThread "jar transforms Thread 99" [_thread_blocked, id=4728, stack(0x000000006b880000,0x000000006b980000)]
  0x000000005df45000 JavaThread "jar transforms Thread 98" [_thread_blocked, id=3240, stack(0x000000006b720000,0x000000006b820000)]
  0x000000005e12f000 JavaThread "jar transforms Thread 97" [_thread_blocked, id=5732, stack(0x000000006b520000,0x000000006b620000)]
  0x000000005e12e800 JavaThread "jar transforms Thread 96" [_thread_blocked, id=6536, stack(0x000000006b1f0000,0x000000006b2f0000)]
  0x000000005e12d800 JavaThread "jar transforms Thread 95" [_thread_blocked, id=5600, stack(0x000000006b320000,0x000000006b420000)]
  0x000000005e12d000 JavaThread "jar transforms Thread 94" [_thread_blocked, id=6272, stack(0x000000006a240000,0x000000006a340000)]
  0x000000005e12c000 JavaThread "jar transforms Thread 93" [_thread_blocked, id=7608, stack(0x000000006acb0000,0x000000006adb0000)]
  0x000000005e12b800 JavaThread "jar transforms Thread 92" [_thread_blocked, id=7340, stack(0x000000006b0a0000,0x000000006b1a0000)]
  0x000000005e12a800 JavaThread "jar transforms Thread 91" [_thread_blocked, id=6984, stack(0x000000006a780000,0x000000006a880000)]
  0x000000005e12a000 JavaThread "jar transforms Thread 90" [_thread_blocked, id=7276, stack(0x000000006aee0000,0x000000006afe0000)]
  0x000000005e129000 JavaThread "jar transforms Thread 89" [_thread_blocked, id=1168, stack(0x0000000069e90000,0x0000000069f90000)]
  0x000000005e128800 JavaThread "jar transforms Thread 88" [_thread_blocked, id=7912, stack(0x000000006add0000,0x000000006aed0000)]
  0x000000005dabb000 JavaThread "jar transforms Thread 87" [_thread_blocked, id=5332, stack(0x000000006abb0000,0x000000006acb0000)]
  0x000000005daba000 JavaThread "jar transforms Thread 86" [_thread_blocked, id=6128, stack(0x000000006a450000,0x000000006a550000)]
  0x000000005dab9800 JavaThread "jar transforms Thread 85" [_thread_blocked, id=7704, stack(0x000000006aab0000,0x000000006abb0000)]
  0x000000005dab8800 JavaThread "jar transforms Thread 84" [_thread_blocked, id=392, stack(0x000000006a880000,0x000000006a980000)]
  0x000000005dab8000 JavaThread "jar transforms Thread 83" [_thread_blocked, id=5324, stack(0x000000006a680000,0x000000006a780000)]
  0x000000005dab7000 JavaThread "jar transforms Thread 82" [_thread_blocked, id=6876, stack(0x0000000069c80000,0x0000000069d80000)]
  0x000000005dab6800 JavaThread "jar transforms Thread 81" [_thread_blocked, id=6288, stack(0x000000006a560000,0x000000006a660000)]
  0x000000005dab5800 JavaThread "jar transforms Thread 80" [_thread_blocked, id=6240, stack(0x0000000065e10000,0x0000000065f10000)]
  0x000000005dab5000 JavaThread "jar transforms Thread 79" [_thread_blocked, id=3272, stack(0x000000006a350000,0x000000006a450000)]
  0x000000005dab4000 JavaThread "jar transforms Thread 78" [_thread_blocked, id=6004, stack(0x000000006a120000,0x000000006a220000)]
  0x000000005e1db000 JavaThread "jar transforms Thread 77" [_thread_blocked, id=7760, stack(0x0000000069fa0000,0x000000006a0a0000)]
  0x000000005e1da800 JavaThread "jar transforms Thread 76" [_thread_blocked, id=4780, stack(0x00000000695d0000,0x00000000696d0000)]
  0x000000005e1d9800 JavaThread "jar transforms Thread 75" [_thread_blocked, id=5148, stack(0x0000000069d90000,0x0000000069e90000)]
  0x000000005e1d9000 JavaThread "jar transforms Thread 74" [_thread_blocked, id=7892, stack(0x0000000069b60000,0x0000000069c60000)]
  0x000000005e1d8000 JavaThread "jar transforms Thread 73" [_thread_blocked, id=748, stack(0x0000000069a30000,0x0000000069b30000)]
  0x000000005e1d7800 JavaThread "jar transforms Thread 72" [_thread_blocked, id=1008, stack(0x0000000069850000,0x0000000069950000)]
  0x000000005e1d6800 JavaThread "jar transforms Thread 71" [_thread_blocked, id=1440, stack(0x0000000068d00000,0x0000000068e00000)]
  0x000000005e1d6000 JavaThread "jar transforms Thread 70" [_thread_blocked, id=2684, stack(0x00000000694d0000,0x00000000695d0000)]
  0x000000005e1d5000 JavaThread "jar transforms Thread 69" [_thread_blocked, id=6040, stack(0x0000000069340000,0x0000000069440000)]
  0x000000005e1d4800 JavaThread "jar transforms Thread 68" [_thread_blocked, id=7924, stack(0x0000000069060000,0x0000000069160000)]
  0x000000005da91000 JavaThread "jar transforms Thread 67" [_thread_blocked, id=5916, stack(0x0000000069190000,0x0000000069290000)]
  0x000000005da90000 JavaThread "jar transforms Thread 66" [_thread_blocked, id=7516, stack(0x0000000068f30000,0x0000000069030000)]
  0x000000005da8f800 JavaThread "jar transforms Thread 65" [_thread_blocked, id=8068, stack(0x0000000068e30000,0x0000000068f30000)]
  0x000000005da8e800 JavaThread "jar transforms Thread 64" [_thread_blocked, id=6768, stack(0x0000000068bf0000,0x0000000068cf0000)]
  0x000000005da8e000 JavaThread "jar transforms Thread 63" [_thread_blocked, id=6008, stack(0x0000000068ab0000,0x0000000068bb0000)]
  0x000000005da8d000 JavaThread "jar transforms Thread 62" [_thread_blocked, id=7208, stack(0x00000000688f0000,0x00000000689f0000)]
  0x000000005da8c800 JavaThread "jar transforms Thread 61" [_thread_blocked, id=4884, stack(0x0000000068710000,0x0000000068810000)]
  0x000000005da8b800 JavaThread "jar transforms Thread 60" [_thread_blocked, id=5124, stack(0x0000000068540000,0x0000000068640000)]
  0x000000005da8b000 JavaThread "jar transforms Thread 59" [_thread_blocked, id=5848, stack(0x0000000066a40000,0x0000000066b40000)]
  0x000000005da8a000 JavaThread "jar transforms Thread 58" [_thread_blocked, id=5156, stack(0x0000000066b80000,0x0000000066c80000)]
  0x0000000059584000 JavaThread "jar transforms Thread 57" [_thread_blocked, id=3392, stack(0x0000000066940000,0x0000000066a40000)]
  0x0000000059583800 JavaThread "jar transforms Thread 56" [_thread_blocked, id=4152, stack(0x0000000068440000,0x0000000068540000)]
  0x0000000059582800 JavaThread "jar transforms Thread 55" [_thread_blocked, id=3520, stack(0x0000000067e10000,0x0000000067f10000)]
  0x0000000059582000 JavaThread "jar transforms Thread 54" [_thread_blocked, id=6708, stack(0x0000000066130000,0x0000000066230000)]
  0x0000000059581000 JavaThread "jar transforms Thread 53" [_thread_blocked, id=7996, stack(0x0000000068330000,0x0000000068430000)]
  0x0000000059580800 JavaThread "jar transforms Thread 52" [_thread_blocked, id=7624, stack(0x0000000068220000,0x0000000068320000)]
  0x000000005957f800 JavaThread "jar transforms Thread 51" [_thread_blocked, id=5800, stack(0x0000000068070000,0x0000000068170000)]
  0x000000005957f000 JavaThread "jar transforms Thread 50" [_thread_blocked, id=5580, stack(0x0000000067f10000,0x0000000068010000)]
  0x000000005957e000 JavaThread "jar transforms Thread 49" [_thread_blocked, id=6500, stack(0x0000000067380000,0x0000000067480000)]
  0x000000005957d800 JavaThread "jar transforms Thread 48" [_thread_blocked, id=4360, stack(0x0000000067cd0000,0x0000000067dd0000)]
  0x0000000062a72000 JavaThread "jar transforms Thread 47" [_thread_blocked, id=6736, stack(0x0000000067b60000,0x0000000067c60000)]
  0x0000000062a71000 JavaThread "jar transforms Thread 46" [_thread_blocked, id=6472, stack(0x0000000066360000,0x0000000066460000)]
  0x0000000062a70800 JavaThread "jar transforms Thread 45" [_thread_blocked, id=4072, stack(0x0000000067960000,0x0000000067a60000)]
  0x0000000062a6f800 JavaThread "jar transforms Thread 44" [_thread_blocked, id=7732, stack(0x00000000677c0000,0x00000000678c0000)]
  0x0000000062a6f000 JavaThread "jar transforms Thread 43" [_thread_blocked, id=7932, stack(0x0000000067600000,0x0000000067700000)]
  0x0000000062a6e000 JavaThread "jar transforms Thread 42" [_thread_blocked, id=6416, stack(0x00000000674b0000,0x00000000675b0000)]
  0x0000000062a6d800 JavaThread "jar transforms Thread 41" [_thread_blocked, id=8032, stack(0x0000000067280000,0x0000000067380000)]
  0x0000000062a6c800 JavaThread "jar transforms Thread 40" [_thread_blocked, id=6312, stack(0x0000000066700000,0x0000000066800000)]
  0x0000000062a6c000 JavaThread "jar transforms Thread 39" [_thread_blocked, id=5260, stack(0x000000005c570000,0x000000005c670000)]
  0x0000000062a6b000 JavaThread "jar transforms Thread 38" [_thread_blocked, id=7432, stack(0x0000000067160000,0x0000000067260000)]
  0x000000005bb1d000 JavaThread "jar transforms Thread 37" [_thread_blocked, id=620, stack(0x0000000066f70000,0x0000000067070000)]
  0x000000005bb1c800 JavaThread "jar transforms Thread 36" [_thread_blocked, id=7096, stack(0x0000000066e60000,0x0000000066f60000)]
  0x000000005bb1b800 JavaThread "jar transforms Thread 35" [_thread_blocked, id=4332, stack(0x0000000066d30000,0x0000000066e30000)]
  0x000000005bb1b000 JavaThread "jar transforms Thread 34" [_thread_blocked, id=5952, stack(0x0000000066800000,0x0000000066900000)]
  0x000000005bb1a000 JavaThread "jar transforms Thread 33" [_thread_blocked, id=6260, stack(0x0000000065a00000,0x0000000065b00000)]
  0x000000005bb19800 JavaThread "jar transforms Thread 32" [_thread_blocked, id=7680, stack(0x00000000665c0000,0x00000000666c0000)]
  0x000000005bb18800 JavaThread "jar transforms Thread 31" [_thread_blocked, id=6532, stack(0x0000000066480000,0x0000000066580000)]
  0x000000005bb17800 JavaThread "jar transforms Thread 30" [_thread_blocked, id=7192, stack(0x0000000066240000,0x0000000066340000)]
  0x000000005bb17000 JavaThread "jar transforms Thread 29" [_thread_blocked, id=7328, stack(0x00000000652c0000,0x00000000653c0000)]
  0x000000005bb16000 JavaThread "jar transforms Thread 28" [_thread_blocked, id=7136, stack(0x0000000066030000,0x0000000066130000)]
  0x000000005bd48800 JavaThread "jar transforms Thread 27" [_thread_blocked, id=5152, stack(0x0000000065f10000,0x0000000066010000)]
  0x000000005bd47800 JavaThread "jar transforms Thread 26" [_thread_blocked, id=6956, stack(0x0000000065d10000,0x0000000065e10000)]
  0x000000005bd47000 JavaThread "jar transforms Thread 25" [_thread_blocked, id=7788, stack(0x0000000062630000,0x0000000062730000)]
  0x000000005bd46000 JavaThread "jar transforms Thread 24" [_thread_blocked, id=8184, stack(0x0000000065b00000,0x0000000065c00000)]
  0x000000005bd45800 JavaThread "jar transforms Thread 23" [_thread_blocked, id=8136, stack(0x00000000658d0000,0x00000000659d0000)]
  0x000000005bd44800 JavaThread "jar transforms Thread 22" [_thread_blocked, id=7740, stack(0x0000000065740000,0x0000000065840000)]
  0x000000005bd44000 JavaThread "jar transforms Thread 21" [_thread_blocked, id=6844, stack(0x0000000063eb0000,0x0000000063fb0000)]
  0x000000005bd43000 JavaThread "jar transforms Thread 20" [_thread_blocked, id=6652, stack(0x0000000065570000,0x0000000065670000)]
  0x000000005bd42000 JavaThread "jar transforms Thread 19" [_thread_blocked, id=7248, stack(0x00000000653c0000,0x00000000654c0000)]
  0x000000005bd41800 JavaThread "jar transforms Thread 18" [_thread_blocked, id=6208, stack(0x0000000065170000,0x0000000065270000)]
  0x0000000059746800 JavaThread "jar transforms Thread 17" [_thread_blocked, id=6748, stack(0x0000000064fd0000,0x00000000650d0000)]
  0x0000000059746000 JavaThread "jar transforms Thread 16" [_thread_blocked, id=7888, stack(0x0000000064e90000,0x0000000064f90000)]
  0x0000000059745000 JavaThread "jar transforms Thread 15" [_thread_blocked, id=5884, stack(0x0000000060ed0000,0x0000000060fd0000)]
  0x0000000059744000 JavaThread "jar transforms Thread 14" [_thread_blocked, id=5184, stack(0x0000000064d20000,0x0000000064e20000)]
  0x0000000059743800 JavaThread "jar transforms Thread 13" [_thread_blocked, id=6596, stack(0x0000000061830000,0x0000000061930000)]
  0x0000000059742800 JavaThread "jar transforms Thread 12" [_thread_blocked, id=7644, stack(0x0000000064bf0000,0x0000000064cf0000)]
  0x000000005a0a5800 JavaThread "jar transforms Thread 11" [_thread_blocked, id=4548, stack(0x0000000064ad0000,0x0000000064bd0000)]
  0x000000005a0a7000 JavaThread "jar transforms Thread 10" [_thread_blocked, id=6908, stack(0x0000000061110000,0x0000000061210000)]
  0x000000005a0a6000 JavaThread "jar transforms Thread 9" [_thread_blocked, id=7228, stack(0x000000005c090000,0x000000005c190000)]
  0x000000005a0a8800 JavaThread "jar transforms Thread 8" [_thread_blocked, id=5452, stack(0x00000000603d0000,0x00000000604d0000)]
  0x000000005a0a7800 JavaThread "jar transforms Thread 7" [_thread_blocked, id=5496, stack(0x000000005e860000,0x000000005e960000)]
  0x0000000059741000 JavaThread "Build operations Thread 4" [_thread_blocked, id=7024, stack(0x0000000064640000,0x0000000064740000)]
  0x0000000059740800 JavaThread "Build operations Thread 3" [_thread_in_Java, id=7284, stack(0x0000000064930000,0x0000000064a30000)]
  0x000000005973f800 JavaThread "Build operations Thread 2" [_thread_blocked, id=6304, stack(0x0000000064740000,0x0000000064840000)]
  0x000000005a0b2000 JavaThread "Build operations" [_thread_in_Java, id=7356, stack(0x00000000644f0000,0x00000000645f0000)]
  0x000000005a0b0800 JavaThread "Cache worker for Build Output Cleanup Cache (Z:\KUYliah\Pemrograman Mobile\tugas\1\CustomListView\.gradle\buildOutputCleanup)" [_thread_blocked, id=7172, stack(0x0000000060ff0000,0x00000000610f0000)]
  0x000000005a0ae800 JavaThread "Cache worker for file content cache (C:\Users\masinul\.gradle\caches\6.7\fileContent)" [_thread_blocked, id=5164, stack(0x00000000615f0000,0x00000000616f0000)]
  0x000000005a0ac000 JavaThread "Cache worker for execution history cache (C:\Users\masinul\.gradle\caches\6.7\executionHistory)" [_thread_blocked, id=7076, stack(0x0000000061930000,0x0000000061a30000)]
  0x000000005a0ab800 JavaThread "Cache worker for cache directory md-rule (C:\Users\masinul\.gradle\caches\6.7\md-rule)" [_thread_blocked, id=7072, stack(0x0000000060560000,0x0000000060660000)]
  0x000000005a0aa800 JavaThread "Cache worker for cache directory md-supplier (C:\Users\masinul\.gradle\caches\6.7\md-supplier)" [_thread_blocked, id=2228, stack(0x0000000061730000,0x0000000061830000)]
  0x000000005a0aa000 JavaThread "Cache worker for checksums cache (Z:\KUYliah\Pemrograman Mobile\tugas\1\CustomListView\.gradle\checksums)" [_thread_blocked, id=5388, stack(0x00000000614f0000,0x00000000615f0000)]
  0x000000005a0a4800 JavaThread "Cache worker for file hash cache (Z:\KUYliah\Pemrograman Mobile\tugas\1\CustomListView\.gradle\6.7\fileHashes)" [_thread_blocked, id=6896, stack(0x000000005e750000,0x000000005e850000)]
  0x000000005a0a3000 JavaThread "Cache worker for journal cache (C:\Users\masinul\.gradle\caches\journal-1)" [_thread_blocked, id=1792, stack(0x000000005ed60000,0x000000005ee60000)]
  0x000000005a0a2000 JavaThread "File lock request listener" [_thread_in_native, id=6264, stack(0x000000005d630000,0x000000005d730000)]
  0x0000000058dba800 JavaThread "Cache worker for file hash cache (C:\Users\masinul\.gradle\caches\6.7\fileHashes)" [_thread_blocked, id=7604, stack(0x000000005d190000,0x000000005d290000)]
  0x000000005b5eb000 JavaThread "Thread-9" [_thread_blocked, id=2948, stack(0x000000005cb40000,0x000000005cc40000)]
  0x000000005b5e0800 JavaThread "Asynchronous log dispatcher for DefaultDaemonConnection: socket connection from /127.0.0.1:64221 to /127.0.0.1:64222" [_thread_blocked, id=6432, stack(0x000000005d060000,0x000000005d160000)]
  0x000000005b561800 JavaThread "Daemon worker" [_thread_blocked, id=6440, stack(0x000000005cd90000,0x000000005ce90000)]
  0x000000005b53a800 JavaThread "Cancel handler" [_thread_blocked, id=8188, stack(0x000000005cf00000,0x000000005d000000)]
  0x000000005b51c000 JavaThread "Handler for socket connection from /127.0.0.1:64221 to /127.0.0.1:64222" [_thread_in_native, id=2552, stack(0x000000005cc60000,0x000000005cd60000)]
  0x000000005b51b000 JavaThread "Daemon" [_thread_blocked, id=1716, stack(0x000000005c820000,0x000000005c920000)]
  0x000000005b4af000 JavaThread "Daemon periodic checks" [_thread_blocked, id=4048, stack(0x000000005c670000,0x000000005c770000)]
  0x000000005b4ad000 JavaThread "Incoming local TCP Connector on port 64221" [_thread_in_native, id=4284, stack(0x000000005c350000,0x000000005c450000)]
  0x000000005b433800 JavaThread "Daemon health stats" [_thread_blocked, id=6848, stack(0x000000005ab90000,0x000000005ac90000)]
  0x0000000058b50000 JavaThread "Service Thread" daemon [_thread_blocked, id=5344, stack(0x0000000059170000,0x0000000059270000)]
  0x0000000058ae1800 JavaThread "C1 CompilerThread2" daemon [_thread_blocked, id=7800, stack(0x00000000582e0000,0x00000000583e0000)]
  0x0000000058ada800 JavaThread "C2 CompilerThread1" daemon [_thread_in_native, id=2012, stack(0x0000000058890000,0x0000000058990000)]
=>0x00000000571b7000 JavaThread "C2 CompilerThread0" daemon [_thread_in_native, id=7352, stack(0x0000000058f00000,0x0000000059000000)]
  0x00000000571b5800 JavaThread "Attach Listener" daemon [_thread_blocked, id=7320, stack(0x00000000589d0000,0x0000000058ad0000)]
  0x00000000571b4000 JavaThread "Signal Dispatcher" daemon [_thread_blocked, id=5080, stack(0x0000000058780000,0x0000000058880000)]
  0x000000005719a800 JavaThread "Finalizer" daemon [_thread_blocked, id=6484, stack(0x00000000585b0000,0x00000000586b0000)]
  0x0000000057193000 JavaThread "Reference Handler" daemon [_thread_blocked, id=6344, stack(0x0000000058400000,0x0000000058500000)]
  0x00000000002ce800 JavaThread "main" [_thread_blocked, id=6644, stack(0x00000000021f0000,0x00000000022f0000)]

Other Threads:
  0x0000000057149800 VMThread [stack: 0x00000000581e0000,0x00000000582e0000] [id=3612]
  0x0000000058b51000 WatcherThread [stack: 0x00000000592a0000,0x00000000593a0000] [id=6624]

VM state:not at safepoint (normal execution)

VM Mutex/Monitor currently owned by a thread: None

heap address: 0x0000000080000000, size: 2048 MB, Compressed Oops mode: 32-bit
Narrow klass base: 0x0000000000000000, Narrow klass shift: 0
Compressed class space size: 1073741824 Address: 0x00000000167c0000

Heap:
 PSYoungGen      total 553984K, used 30979K [0x00000000d5580000, 0x00000000fa780000, 0x0000000100000000)
  eden space 527360K, 0% used [0x00000000d5580000,0x00000000d59c4280,0x00000000f5880000)
  from space 26624K, 99% used [0x00000000f7d00000,0x00000000f96fc998,0x00000000f9700000)
  to   space 37376K, 0% used [0x00000000f5880000,0x00000000f5880000,0x00000000f7d00000)
 ParOldGen       total 104448K, used 80742K [0x0000000080000000, 0x0000000086600000, 0x00000000d5580000)
  object space 104448K, 77% used [0x0000000080000000,0x0000000084ed98e8,0x0000000086600000)
 Metaspace       used 98414K, capacity 103483K, committed 103768K, reserved 1138688K
  class space    used 12749K, capacity 13649K, committed 13696K, reserved 1048576K

Card table byte_map: [0x0000000011980000,0x0000000011d90000] byte_map_base: 0x0000000011580000

Marking Bits: (ParMarkBitMap*) 0x0000000060e3f030
 Begin Bits: [0x00000000123c0000, 0x00000000143c0000)
 End Bits:   [0x00000000143c0000, 0x00000000163c0000)

Polling page: 0x0000000000210000

CodeCache: size=245760Kb used=51572Kb max_used=52250Kb free=194187Kb
 bounds [0x00000000025c0000, 0x0000000005900000, 0x00000000115c0000]
 total_blobs=16013 nmethods=15103 adapters=820
 compilation: enabled

Compilation events (10 events):
Event: 415.445 Thread 0x0000000058ae1800 18240       2       com.android.tools.r8.ir.optimize.k::a (1465 bytes)
Event: 415.462 Thread 0x0000000058ae1800 nmethod 18240 0x0000000004c8aa90 code [0x0000000004c8b2c0, 0x0000000004c8e898]
Event: 415.462 Thread 0x0000000058ae1800 18241       3       com.android.tools.r8.ir.regalloc.j::<init> (124 bytes)
Event: 415.466 Thread 0x0000000058ae1800 nmethod 18241 0x0000000003be5590 code [0x0000000003be5900, 0x0000000003be74d8]
Event: 415.473 Thread 0x0000000058ae1800 18242       3       com.android.tools.r8.ir.optimize.k::a (681 bytes)
Event: 415.486 Thread 0x0000000058ae1800 nmethod 18242 0x0000000004628d90 code [0x0000000004629760, 0x0000000004630088]
Event: 415.515 Thread 0x0000000058ae1800 18243       1       com.android.tools.r8.v.b.j1::s0 (2 bytes)
Event: 415.515 Thread 0x0000000058ae1800 nmethod 18243 0x0000000003be5210 code [0x0000000003be5360, 0x0000000003be5470]
Event: 415.518 Thread 0x0000000058ae1800 18244       2       com.android.tools.r8.graph.r0::a (32 bytes)
Event: 415.518 Thread 0x0000000058ae1800 nmethod 18244 0x00000000028b5690 code [0x00000000028b5800, 0x00000000028b5a08]

GC Heap History (10 events):
Event: 393.127 GC heap before
{Heap before GC invocations=30 (full 3):
 PSYoungGen      total 469504K, used 457728K [0x00000000d5580000, 0x00000000f3a00000, 0x0000000100000000)
  eden space 457728K, 100% used [0x00000000d5580000,0x00000000f1480000,0x00000000f1480000)
  from space 11776K, 0% used [0x00000000f2180000,0x00000000f2180000,0x00000000f2d00000)
  to   space 13312K, 0% used [0x00000000f1480000,0x00000000f1480000,0x00000000f2180000)
 ParOldGen       total 56832K, used 30952K [0x0000000080000000, 0x0000000083780000, 0x00000000d5580000)
  object space 56832K, 54% used [0x0000000080000000,0x0000000081e3a348,0x0000000083780000)
 Metaspace       used 77848K, capacity 81255K, committed 81624K, reserved 1120256K
  class space    used 10247K, capacity 10879K, committed 11008K, reserved 1048576K
Event: 393.699 GC heap after
Heap after GC invocations=30 (full 3):
 PSYoungGen      total 471040K, used 13280K [0x00000000d5580000, 0x00000000f9700000, 0x0000000100000000)
  eden space 457728K, 0% used [0x00000000d5580000,0x00000000d5580000,0x00000000f1480000)
  from space 13312K, 99% used [0x00000000f1480000,0x00000000f2178040,0x00000000f2180000)
  to   space 26624K, 0% used [0x00000000f7d00000,0x00000000f7d00000,0x00000000f9700000)
 ParOldGen       total 61952K, used 60629K [0x0000000080000000, 0x0000000083c80000, 0x00000000d5580000)
  object space 61952K, 97% used [0x0000000080000000,0x0000000083b356f8,0x0000000083c80000)
 Metaspace       used 77848K, capacity 81255K, committed 81624K, reserved 1120256K
  class space    used 10247K, capacity 10879K, committed 11008K, reserved 1048576K
}
Event: 393.699 GC heap before
{Heap before GC invocations=31 (full 4):
 PSYoungGen      total 471040K, used 13280K [0x00000000d5580000, 0x00000000f9700000, 0x0000000100000000)
  eden space 457728K, 0% used [0x00000000d5580000,0x00000000d5580000,0x00000000f1480000)
  from space 13312K, 99% used [0x00000000f1480000,0x00000000f2178040,0x00000000f2180000)
  to   space 26624K, 0% used [0x00000000f7d00000,0x00000000f7d00000,0x00000000f9700000)
 ParOldGen       total 61952K, used 60629K [0x0000000080000000, 0x0000000083c80000, 0x00000000d5580000)
  object space 61952K, 97% used [0x0000000080000000,0x0000000083b356f8,0x0000000083c80000)
 Metaspace       used 77848K, capacity 81255K, committed 81624K, reserved 1120256K
  class space    used 10247K, capacity 10879K, committed 11008K, reserved 1048576K
Event: 394.442 GC heap after
Heap after GC invocations=31 (full 4):
 PSYoungGen      total 471040K, used 4536K [0x00000000d5580000, 0x00000000f9700000, 0x0000000100000000)
  eden space 457728K, 0% used [0x00000000d5580000,0x00000000d5580000,0x00000000f1480000)
  from space 13312K, 34% used [0x00000000f1480000,0x00000000f18ee258,0x00000000f2180000)
  to   space 26624K, 0% used [0x00000000f7d00000,0x00000000f7d00000,0x00000000f9700000)
 ParOldGen       total 104448K, used 61870K [0x0000000080000000, 0x0000000086600000, 0x00000000d5580000)
  object space 104448K, 59% used [0x0000000080000000,0x0000000083c6ba00,0x0000000086600000)
 Metaspace       used 77802K, capacity 81115K, committed 81624K, reserved 1120256K
  class space    used 10232K, capacity 10853K, committed 11008K, reserved 1048576K
}
Event: 406.073 GC heap before
{Heap before GC invocations=32 (full 4):
 PSYoungGen      total 471040K, used 462264K [0x00000000d5580000, 0x00000000f9700000, 0x0000000100000000)
  eden space 457728K, 100% used [0x00000000d5580000,0x00000000f1480000,0x00000000f1480000)
  from space 13312K, 34% used [0x00000000f1480000,0x00000000f18ee258,0x00000000f2180000)
  to   space 26624K, 0% used [0x00000000f7d00000,0x00000000f7d00000,0x00000000f9700000)
 ParOldGen       total 104448K, used 61870K [0x0000000080000000, 0x0000000086600000, 0x00000000d5580000)
  object space 104448K, 59% used [0x0000000080000000,0x0000000083c6ba00,0x0000000086600000)
 Metaspace       used 96315K, capacity 100855K, committed 100952K, reserved 1136640K
  class space    used 12549K, capacity 13393K, committed 13440K, reserved 1048576K
Event: 406.735 GC heap after
Heap after GC invocations=32 (full 4):
 PSYoungGen      total 553984K, used 26594K [0x00000000d5580000, 0x00000000fa780000, 0x0000000100000000)
  eden space 527360K, 0% used [0x00000000d5580000,0x00000000d5580000,0x00000000f5880000)
  from space 26624K, 99% used [0x00000000f7d00000,0x00000000f96f8930,0x00000000f9700000)
  to   space 37376K, 0% used [0x00000000f5880000,0x00000000f5880000,0x00000000f7d00000)
 ParOldGen       total 104448K, used 78959K [0x0000000080000000, 0x0000000086600000, 0x00000000d5580000)
  object space 104448K, 75% used [0x0000000080000000,0x0000000084d1bfb8,0x0000000086600000)
 Metaspace       used 96315K, capacity 100855K, committed 100952K, reserved 1136640K
  class space    used 12549K, capacity 13393K, committed 13440K, reserved 1048576K
}
Event: 411.704 GC heap before
{Heap before GC invocations=33 (full 4):
 PSYoungGen      total 553984K, used 553954K [0x00000000d5580000, 0x00000000fa780000, 0x0000000100000000)
  eden space 527360K, 100% used [0x00000000d5580000,0x00000000f5880000,0x00000000f5880000)
  from space 26624K, 99% used [0x00000000f7d00000,0x00000000f96f8930,0x00000000f9700000)
  to   space 37376K, 0% used [0x00000000f5880000,0x00000000f5880000,0x00000000f7d00000)
 ParOldGen       total 104448K, used 78959K [0x0000000080000000, 0x0000000086600000, 0x00000000d5580000)
  object space 104448K, 75% used [0x0000000080000000,0x0000000084d1bfb8,0x0000000086600000)
 Metaspace       used 98058K, capacity 103089K, committed 103256K, reserved 1138688K
  class space    used 12732K, capacity 13640K, committed 13696K, reserved 1048576K
Event: 412.304 GC heap after
Heap after GC invocations=33 (full 4):
 PSYoungGen      total 564736K, used 28647K [0x00000000d5580000, 0x00000000fa780000, 0x0000000100000000)
  eden space 527360K, 0% used [0x00000000d5580000,0x00000000d5580000,0x00000000f5880000)
  from space 37376K, 76% used [0x00000000f5880000,0x00000000f7479c30,0x00000000f7d00000)
  to   space 26624K, 0% used [0x00000000f7d00000,0x00000000f7d00000,0x00000000f9700000)
 ParOldGen       total 104448K, used 78967K [0x0000000080000000, 0x0000000086600000, 0x00000000d5580000)
  object space 104448K, 75% used [0x0000000080000000,0x0000000084d1dfb8,0x0000000086600000)
 Metaspace       used 98058K, capacity 103089K, committed 103256K, reserved 1138688K
  class space    used 12732K, capacity 13640K, committed 13696K, reserved 1048576K
}
Event: 415.523 GC heap before
{Heap before GC invocations=34 (full 4):
 PSYoungGen      total 564736K, used 556007K [0x00000000d5580000, 0x00000000fa780000, 0x0000000100000000)
  eden space 527360K, 100% used [0x00000000d5580000,0x00000000f5880000,0x00000000f5880000)
  from space 37376K, 76% used [0x00000000f5880000,0x00000000f7479c30,0x00000000f7d00000)
  to   space 26624K, 0% used [0x00000000f7d00000,0x00000000f7d00000,0x00000000f9700000)
 ParOldGen       total 104448K, used 78967K [0x0000000080000000, 0x0000000086600000, 0x00000000d5580000)
  object space 104448K, 75% used [0x0000000080000000,0x0000000084d1dfb8,0x0000000086600000)
 Metaspace       used 98414K, capacity 103483K, committed 103768K, reserved 1138688K
  class space    used 12749K, capacity 13649K, committed 13696K, reserved 1048576K
Event: 415.820 GC heap after
Heap after GC invocations=34 (full 4):
 PSYoungGen      total 553984K, used 26610K [0x00000000d5580000, 0x00000000fa780000, 0x0000000100000000)
  eden space 527360K, 0% used [0x00000000d5580000,0x00000000d5580000,0x00000000f5880000)
  from space 26624K, 99% used [0x00000000f7d00000,0x00000000f96fc998,0x00000000f9700000)
  to   space 37376K, 0% used [0x00000000f5880000,0x00000000f5880000,0x00000000f7d00000)
 ParOldGen       total 104448K, used 80742K [0x0000000080000000, 0x0000000086600000, 0x00000000d5580000)
  object space 104448K, 77% used [0x0000000080000000,0x0000000084ed98e8,0x0000000086600000)
 Metaspace       used 98414K, capacity 103483K, committed 103768K, reserved 1138688K
  class space    used 12749K, capacity 13649K, committed 13696K, reserved 1048576K
}

Deoptimization events (10 events):
Event: 412.694 Thread 0x000000005973f800 Uncommon trap: reason=unstable_if action=reinterpret pc=0x0000000005711be0 method=com.android.tools.r8.graph.Y0.b(Ljava/lang/Object;)Lcom/android/tools/r8/r/o/p$a; @ 24
Event: 412.694 Thread 0x000000005973f800 Uncommon trap: reason=unstable_if action=reinterpret pc=0x0000000004cf320c method=com.android.tools.r8.graph.Y0.b(Ljava/lang/Object;)Lcom/android/tools/r8/r/o/p$a; @ 24
Event: 412.838 Thread 0x0000000059740800 Uncommon trap: reason=unstable_if action=reinterpret pc=0x00000000052877c0 method=com.android.tools.r8.ir.regalloc.b.compareTo(Ljava/lang/Object;)I @ 52
Event: 412.967 Thread 0x0000000059740800 Uncommon trap: reason=speculate_class_check action=maybe_recompile pc=0x0000000005596390 method=com.android.tools.r8.v.a.j.e.b(Lcom/android/tools/r8/v/b/o0;)V @ 403
Event: 413.192 Thread 0x0000000059741000 Uncommon trap: reason=unstable_if action=reinterpret pc=0x00000000051b15a8 method=com.android.tools.r8.graph.r0.B()Z @ 11
Event: 413.865 Thread 0x0000000059740800 Uncommon trap: reason=speculate_class_check action=maybe_recompile pc=0x0000000005596390 method=com.android.tools.r8.v.a.j.e.b(Lcom/android/tools/r8/v/b/o0;)V @ 403
Event: 414.045 Thread 0x000000005973f800 Uncommon trap: reason=unstable_if action=reinterpret pc=0x00000000053b2ef8 method=com.android.tools.r8.ir.conversion.S.a(ILcom/android/tools/r8/v/b/x1;Lcom/android/tools/r8/v/b/o;Lcom/android/tools/r8/v/b/o$c;Lcom/android/tools/r8/v/b/Z0$a;)Lcom/android/t
Event: 414.047 Thread 0x000000005973f800 Uncommon trap: reason=unstable_if action=reinterpret pc=0x000000000555f874 method=com.android.tools.r8.v.b.Z0.a(Lcom/android/tools/r8/ir/conversion/S;Ljava/util/Set;)Z @ 215
Event: 414.073 Thread 0x0000000059741000 Uncommon trap: reason=unstable_if action=reinterpret pc=0x0000000004f9c510 method=java.lang.Boolean.compare(ZZ)I @ 2
Event: 415.003 Thread 0x000000005973f800 Uncommon trap: reason=unstable_if action=reinterpret pc=0x0000000005596828 method=com.android.tools.r8.v.a.j.e.b(Lcom/android/tools/r8/v/b/o0;)V @ 11

Classes redefined (0 events):
No events

Internal exceptions (10 events):
Event: 406.766 Thread 0x0000000059741000 Implicit null exception at 0x000000000515faf8 to 0x00000000051660b5
Event: 410.809 Thread 0x000000005a0b2000 Exception <a 'sun/nio/fs/WindowsException'> (0x00000000f2640148) thrown at [C:\src\AOSP-openjdk-git\hotspot\src\share\vm\prims\jni.cpp, line 710]
Event: 410.941 Thread 0x000000005a0b2000 Exception <a 'sun/nio/fs/WindowsException'> (0x00000000f2a259c8) thrown at [C:\src\AOSP-openjdk-git\hotspot\src\share\vm\prims\jni.cpp, line 710]
Event: 413.078 Thread 0x000000005973f800 Exception <a 'sun/nio/fs/WindowsException'> (0x00000000db1fd818) thrown at [C:\src\AOSP-openjdk-git\hotspot\src\share\vm\prims\jni.cpp, line 710]
Event: 413.114 Thread 0x000000005a0b2000 Exception <a 'sun/nio/fs/WindowsException'> (0x00000000dbbc2748) thrown at [C:\src\AOSP-openjdk-git\hotspot\src\share\vm\prims\jni.cpp, line 710]
Event: 413.293 Thread 0x000000005973f800 Exception <a 'sun/nio/fs/WindowsException'> (0x00000000db2f8688) thrown at [C:\src\AOSP-openjdk-git\hotspot\src\share\vm\prims\jni.cpp, line 710]
Event: 414.111 Thread 0x000000005a0b2000 Exception <a 'sun/nio/fs/WindowsException'> (0x00000000e73c4e50) thrown at [C:\src\AOSP-openjdk-git\hotspot\src\share\vm\prims\jni.cpp, line 710]
Event: 415.087 Thread 0x000000005973f800 Exception <a 'sun/nio/fs/WindowsException'> (0x00000000f1472120) thrown at [C:\src\AOSP-openjdk-git\hotspot\src\share\vm\prims\jni.cpp, line 710]
Event: 415.225 Thread 0x000000005973f800 Exception <a 'sun/nio/fs/WindowsException'> (0x00000000f1502230) thrown at [C:\src\AOSP-openjdk-git\hotspot\src\share\vm\prims\jni.cpp, line 710]
Event: 415.331 Thread 0x000000005973f800 Exception <a 'sun/nio/fs/WindowsException'> (0x00000000f39a5d88) thrown at [C:\src\AOSP-openjdk-git\hotspot\src\share\vm\prims\jni.cpp, line 710]

Events (10 events):
Event: 415.443 Thread 0x0000000059740800 DEOPT PACKING pc=0x00000000058e1e4b sp=0x0000000064a294e0
Event: 415.443 Thread 0x0000000059740800 DEOPT UNPACKING pc=0x00000000026075d0 sp=0x0000000064a292c8 mode 0
Event: 415.448 Thread 0x0000000059740800 DEOPT PACKING pc=0x000000000508d2bc sp=0x0000000064a29950
Event: 415.448 Thread 0x0000000059740800 DEOPT UNPACKING pc=0x00000000026075d0 sp=0x0000000064a299a8 mode 0
Event: 415.510 Thread 0x0000000059740800 DEOPT PACKING pc=0x00000000058e1e4b sp=0x0000000064a294e0
Event: 415.510 Thread 0x0000000059740800 DEOPT UNPACKING pc=0x00000000026075d0 sp=0x0000000064a292c8 mode 0
Event: 415.521 Executing VM operation: ParallelGCFailedAllocation
Event: 415.820 Executing VM operation: ParallelGCFailedAllocation done
Event: 415.823 Thread 0x000000005a0b2000 DEOPT PACKING pc=0x0000000004cb2e46 sp=0x00000000645e9840
Event: 415.823 Thread 0x000000005a0b2000 DEOPT UNPACKING pc=0x00000000026075d0 sp=0x00000000645e9820 mode 0


Dynamic libraries:
0x000000013f120000 - 0x000000013f151000 	C:\MSNL\KUYliah\Pemrograman Mobile\apps\jre\bin\java.exe
0x00000000771f0000 - 0x0000000077399000 	C:\Windows\SYSTEM32\ntdll.dll
0x0000000076fd0000 - 0x00000000770ef000 	C:\Windows\system32\kernel32.dll
0x000007fefd310000 - 0x000007fefd37b000 	C:\Windows\system32\KERNELBASE.dll
0x000007fefe180000 - 0x000007fefe25b000 	C:\Windows\system32\ADVAPI32.dll
0x000007fefe260000 - 0x000007fefe2ff000 	C:\Windows\system32\msvcrt.dll
0x000007fefd860000 - 0x000007fefd87f000 	C:\Windows\SYSTEM32\sechost.dll
0x000007fefd910000 - 0x000007fefda3d000 	C:\Windows\system32\RPCRT4.dll
0x00000000770f0000 - 0x00000000771ea000 	C:\Windows\system32\USER32.dll
0x000007fefe510000 - 0x000007fefe577000 	C:\Windows\system32\GDI32.dll
0x000007fefd880000 - 0x000007fefd88e000 	C:\Windows\system32\LPK.dll
0x000007fefd790000 - 0x000007fefd859000 	C:\Windows\system32\USP10.dll
0x000007fefbc10000 - 0x000007fefbe04000 	C:\Windows\WinSxS\amd64_microsoft.windows.common-controls_6595b64144ccf1df_6.0.7601.17514_none_fa396087175ac9ac\COMCTL32.dll
0x000007fefd690000 - 0x000007fefd701000 	C:\Windows\system32\SHLWAPI.dll
0x000007fefd760000 - 0x000007fefd78e000 	C:\Windows\system32\IMM32.DLL
0x000007fefdc50000 - 0x000007fefdd59000 	C:\Windows\system32\MSCTF.dll
0x00000000696f0000 - 0x00000000697c2000 	C:\MSNL\KUYliah\Pemrograman Mobile\apps\jre\jre\bin\msvcr100.dll
0x0000000060670000 - 0x0000000060ebb000 	C:\MSNL\KUYliah\Pemrograman Mobile\apps\jre\jre\bin\server\jvm.dll
0x000007fefbb50000 - 0x000007fefbb59000 	C:\Windows\system32\WSOCK32.dll
0x000007fefd710000 - 0x000007fefd75d000 	C:\Windows\system32\WS2_32.dll
0x000007fefe760000 - 0x000007fefe768000 	C:\Windows\system32\NSI.dll
0x000007fefb270000 - 0x000007fefb2ab000 	C:\Windows\system32\WINMM.dll
0x000007fefc2a0000 - 0x000007fefc2ac000 	C:\Windows\system32\VERSION.dll
0x00000000773b0000 - 0x00000000773b7000 	C:\Windows\system32\PSAPI.DLL
0x000007fef5f70000 - 0x000007fef5f7f000 	C:\MSNL\KUYliah\Pemrograman Mobile\apps\jre\jre\bin\verify.dll
0x000007fee5490000 - 0x000007fee54b9000 	C:\MSNL\KUYliah\Pemrograman Mobile\apps\jre\jre\bin\java.dll
0x000007fee5470000 - 0x000007fee5486000 	C:\MSNL\KUYliah\Pemrograman Mobile\apps\jre\jre\bin\zip.dll
0x000007fefe770000 - 0x000007feff4f8000 	C:\Windows\system32\SHELL32.dll
0x000007fefe300000 - 0x000007fefe503000 	C:\Windows\system32\ole32.dll
0x000007fefd140000 - 0x000007fefd14f000 	C:\Windows\system32\profapi.dll
0x000007fee5450000 - 0x000007fee546a000 	C:\MSNL\KUYliah\Pemrograman Mobile\apps\jre\jre\bin\net.dll
0x000007fefc970000 - 0x000007fefc9c5000 	C:\Windows\system32\mswsock.dll
0x000007fefc960000 - 0x000007fefc967000 	C:\Windows\System32\wship6.dll
0x000007fee5330000 - 0x000007fee5343000 	C:\MSNL\KUYliah\Pemrograman Mobile\apps\jre\jre\bin\nio.dll
0x000007fee4520000 - 0x000007fee4546000 	C:\Users\masinul\.gradle\native\fdc75f09e3144964f2cf3f50f0aa648679c211496f362492102eb8c894070792\windows-amd64\native-platform.dll
0x000007fee1290000 - 0x000007fee1421000 	C:\Users\masinul\.gradle\native\12488b8bf47d2d4c9fbf2f6322a914ad602e24e48041cd04a747c6da556b65c4\windows-amd64\native-platform-file-events.dll
0x000007fef4410000 - 0x000007fef441d000 	C:\MSNL\KUYliah\Pemrograman Mobile\apps\jre\jre\bin\management.dll
0x000007fefc9d0000 - 0x000007fefc9e7000 	C:\Windows\system32\CRYPTSP.dll
0x000007fefc6d0000 - 0x000007fefc717000 	C:\Windows\system32\rsaenh.dll
0x000007fefc480000 - 0x000007fefc49e000 	C:\Windows\system32\USERENV.dll
0x000007fefd030000 - 0x000007fefd03f000 	C:\Windows\system32\CRYPTBASE.dll
0x000007fefac00000 - 0x000007fefac27000 	C:\Windows\system32\IPHLPAPI.DLL
0x000007fefab90000 - 0x000007fefab9b000 	C:\Windows\system32\WINNSI.DLL
0x000007fefa6c0000 - 0x000007fefa6d8000 	C:\Windows\system32\dhcpcsvc.DLL
0x000007fefa680000 - 0x000007fefa691000 	C:\Windows\system32\dhcpcsvc6.DLL
0x000007fee5110000 - 0x000007fee5134000 	C:\MSNL\KUYliah\Pemrograman Mobile\apps\jre\jre\bin\sunec.dll
0x000007fefc370000 - 0x000007fefc377000 	C:\Windows\System32\wshtcpip.dll
0x000007fefc7f0000 - 0x000007fefc84b000 	C:\Windows\system32\DNSAPI.dll
0x000007fef4400000 - 0x000007fef4408000 	C:\Windows\system32\rasadhlp.dll
0x000007fefa7b0000 - 0x000007fefa803000 	C:\Windows\System32\fwpuclnt.dll
0x000007fef0550000 - 0x000007fef055b000 	C:\MSNL\KUYliah\Pemrograman Mobile\apps\jre\jre\bin\sunmscapi.dll
0x000007fefd3a0000 - 0x000007fefd507000 	C:\Windows\system32\CRYPT32.dll
0x000007fefd1e0000 - 0x000007fefd1ef000 	C:\Windows\system32\MSASN1.dll

VM Arguments:
jvm_args: -Xmx2048m -Dfile.encoding=windows-1252 -Duser.country=US -Duser.language=en -Duser.variant 
java_command: org.gradle.launcher.daemon.bootstrap.GradleDaemon 6.7
java_class_path (initial): C:\Users\masinul\.gradle\wrapper\dists\gradle-6.7-bin\efvqh8uyq79v2n7rcncuhu9sv\gradle-6.7\lib\gradle-launcher-6.7.jar
Launcher Type: SUN_STANDARD

Environment Variables:
PATH=C:\Windows\system32;C:\Windows;C:\Windows\System32\Wbem;C:\Windows\System32\WindowsPowerShell\v1.0\;C:\adb;C:\Program Files\nodejs\;C:\Program Files\PuTTY\;C:\Program Files\Git\cmd;C:\Users\masinul\AppData\Roaming\npm;C:\Program Files (x86)\heroku\bin
USERNAME=masinul
OS=Windows_NT
PROCESSOR_IDENTIFIER=Intel64 Family 6 Model 42 Stepping 7, GenuineIntel



---------------  S Y S T E M  ---------------

OS: Windows 7 , 64 bit Build 7601 (6.1.7601.17514)

CPU:total 4 (initial active 4) (2 cores per cpu, 2 threads per core) family 6 model 42 stepping 7, cmov, cx8, fxsr, mmx, sse, sse2, sse3, ssse3, sse4.1, sse4.2, popcnt, avx, clmul, ht, tsc, tscinvbit

Memory: 4k page, physical 2043760k(32244k free), swap 8175040k(7288k free)

vm_info: OpenJDK 64-Bit Server VM (25.242-b01) for windows-amd64 JRE (1.8.0_242-release-1644-b01), built by "builder" with MS VC++ 10.0 (VS2010)

time: Sun Nov 01 17:15:28 2020
timezone: SE Asia Standard Time
elapsed time: 415 seconds (0d 0h 6m 55s)

