#
# There is insufficient memory for the Java Runtime Environment to continue.
# Native memory allocation (malloc) failed to allocate 1544272 bytes for Chunk::new
# Possible reasons:
#   The system is out of physical RAM or swap space
#   The process is running with CompressedOops enabled, and the Java Heap may be blocking the growth of the native heap
# Possible solutions:
#   Reduce memory load on the system
#   Increase physical memory or swap space
#   Check if swap backing store is full
#   Decrease Java heap size (-Xmx/-Xms)
#   Decrease number of Java threads
#   Decrease Java thread stack sizes (-Xss)
#   Set larger code cache with -XX:ReservedCodeCacheSize=
#   JVM is running with Unscaled Compressed Oops mode in which the Java heap is
#     placed in the first 4GB address space. The Java Heap base address is the
#     maximum limit for the native heap growth. Please use -XX:HeapBaseMinAddress
#     to set the Java Heap base and to place the Java Heap above 4GB virtual address.
# This output file may be truncated or incomplete.
#
#  Out of Memory Error (allocation.cpp:389), pid=7396, tid=0x0000000000001aac
#
# JRE version: OpenJDK Runtime Environment (8.0_242-b01) (build 1.8.0_242-release-1644-b01)
# Java VM: OpenJDK 64-Bit Server VM (25.242-b01 mixed mode windows-amd64 compressed oops)
# Failed to write core dump. Minidumps are not enabled by default on client versions of Windows
#

---------------  T H R E A D  ---------------

Current thread (0x00000000571e6800):  JavaThread "C2 CompilerThread0" daemon [_thread_in_native, id=6828, stack(0x0000000058650000,0x0000000058750000)]

Stack: [0x0000000058650000,0x0000000058750000]
[error occurred during error reporting (printing stack bounds), id 0xc0000005]

Native frames: (J=compiled Java code, j=interpreted, Vv=VM code, C=native code)


Current CompileTask:
C2:  40054 6329       4       org.gradle.internal.instantiation.generator.AbstractClassGenerator::inspectType (560 bytes)


---------------  P R O C E S S  ---------------

Java Threads: ( => current thread )
  0x000000005ce46800 JavaThread "Cache worker for execution history cache (Z:\KUYliah\Pemrograman Mobile\tugas\1\CustomListView\.gradle\6.7\executionHistory)" [_thread_blocked, id=8152, stack(0x000000006e1e0000,0x000000006e2e0000)]
  0x000000005ce42800 JavaThread "Memory manager" [_thread_blocked, id=6132, stack(0x000000006cd40000,0x000000006ce40000)]
  0x000000005ce42000 JavaThread "jar transforms Thread 95" [_thread_blocked, id=5340, stack(0x000000006bae0000,0x000000006bbe0000)]
  0x000000005ce41000 JavaThread "jar transforms Thread 94" [_thread_blocked, id=2944, stack(0x000000006c510000,0x000000006c610000)]
  0x000000005e142800 JavaThread "jar transforms Thread 93" [_thread_blocked, id=2332, stack(0x0000000069090000,0x0000000069190000)]
  0x000000005e142000 JavaThread "jar transforms Thread 92" [_thread_blocked, id=4796, stack(0x000000006ab50000,0x000000006ac50000)]
  0x000000005e141000 JavaThread "jar transforms Thread 91" [_thread_blocked, id=7112, stack(0x000000006bf70000,0x000000006c070000)]
  0x000000005e140800 JavaThread "jar transforms Thread 90" [_thread_blocked, id=4308, stack(0x000000006c2e0000,0x000000006c3e0000)]
  0x000000005e13f800 JavaThread "jar transforms Thread 89" [_thread_blocked, id=4776, stack(0x000000006c0e0000,0x000000006c1e0000)]
  0x000000005e13f000 JavaThread "jar transforms Thread 88" [_thread_blocked, id=4144, stack(0x000000006be40000,0x000000006bf40000)]
  0x000000005e13e000 JavaThread "jar transforms Thread 87" [_thread_blocked, id=7780, stack(0x000000006b6d0000,0x000000006b7d0000)]
  0x000000005e13d800 JavaThread "jar transforms Thread 86" [_thread_blocked, id=7480, stack(0x000000006bce0000,0x000000006bde0000)]
  0x000000005e13c800 JavaThread "jar transforms Thread 85" [_thread_blocked, id=6632, stack(0x000000006bbe0000,0x000000006bce0000)]
  0x000000005e13c000 JavaThread "jar transforms Thread 84" [_thread_blocked, id=3848, stack(0x000000006b9d0000,0x000000006bad0000)]
  0x000000005c667000 JavaThread "jar transforms Thread 83" [_thread_blocked, id=2412, stack(0x000000006b010000,0x000000006b110000)]
  0x000000005c666000 JavaThread "jar transforms Thread 82" [_thread_blocked, id=8100, stack(0x00000000666c0000,0x00000000667c0000)]
  0x000000005c665800 JavaThread "jar transforms Thread 81" [_thread_blocked, id=4280, stack(0x000000006b7e0000,0x000000006b8e0000)]
  0x000000005c664800 JavaThread "jar transforms Thread 80" [_thread_blocked, id=5272, stack(0x000000006b5d0000,0x000000006b6d0000)]
  0x000000005c664000 JavaThread "jar transforms Thread 79" [_thread_blocked, id=5608, stack(0x000000006b470000,0x000000006b570000)]
  0x000000005c663000 JavaThread "jar transforms Thread 78" [_thread_blocked, id=4944, stack(0x000000006b2b0000,0x000000006b3b0000)]
  0x000000005c662800 JavaThread "jar transforms Thread 77" [_thread_blocked, id=5488, stack(0x000000006b130000,0x000000006b230000)]
  0x000000005c661800 JavaThread "jar transforms Thread 76" [_thread_blocked, id=5440, stack(0x000000006ae00000,0x000000006af00000)]
  0x000000005c661000 JavaThread "jar transforms Thread 75" [_thread_blocked, id=1256, stack(0x000000006af00000,0x000000006b000000)]
  0x000000005c660000 JavaThread "jar transforms Thread 74" [_thread_blocked, id=7592, stack(0x000000006ac50000,0x000000006ad50000)]
  0x0000000060f49800 JavaThread "jar transforms Thread 73" [_thread_blocked, id=3868, stack(0x000000006a030000,0x000000006a130000)]
  0x0000000060f49000 JavaThread "jar transforms Thread 72" [_thread_blocked, id=7180, stack(0x000000006aa50000,0x000000006ab50000)]
  0x0000000060f48000 JavaThread "jar transforms Thread 71" [_thread_blocked, id=1796, stack(0x000000006a880000,0x000000006a980000)]
  0x0000000060f47800 JavaThread "jar transforms Thread 70" [_thread_blocked, id=7896, stack(0x000000006a460000,0x000000006a560000)]
  0x0000000060f46800 JavaThread "jar transforms Thread 69" [_thread_blocked, id=5644, stack(0x000000006a770000,0x000000006a870000)]
  0x0000000060f46000 JavaThread "jar transforms Thread 68" [_thread_blocked, id=3832, stack(0x000000006a590000,0x000000006a690000)]
  0x0000000060f45000 JavaThread "jar transforms Thread 67" [_thread_blocked, id=5676, stack(0x000000006a320000,0x000000006a420000)]
  0x0000000060f44800 JavaThread "jar transforms Thread 66" [_thread_blocked, id=5392, stack(0x0000000069dd0000,0x0000000069ed0000)]
  0x0000000060f43800 JavaThread "jar transforms Thread 65" [_thread_blocked, id=6428, stack(0x000000006a150000,0x000000006a250000)]
  0x0000000060f43000 JavaThread "jar transforms Thread 64" [_thread_blocked, id=4084, stack(0x0000000069f00000,0x000000006a000000)]
  0x000000005f201000 JavaThread "jar transforms Thread 63" [_thread_blocked, id=7848, stack(0x0000000068640000,0x0000000068740000)]
  0x000000005f200000 JavaThread "jar transforms Thread 62" [_thread_blocked, id=7312, stack(0x0000000069cc0000,0x0000000069dc0000)]
  0x000000005f1ff800 JavaThread "jar transforms Thread 61" [_thread_blocked, id=7124, stack(0x0000000069b60000,0x0000000069c60000)]
  0x000000005f1fe800 JavaThread "jar transforms Thread 60" [_thread_blocked, id=6276, stack(0x00000000699a0000,0x0000000069aa0000)]
  0x000000005f1fe000 JavaThread "jar transforms Thread 59" [_thread_blocked, id=7296, stack(0x00000000697f0000,0x00000000698f0000)]
  0x000000005f1fd000 JavaThread "jar transforms Thread 58" [_thread_blocked, id=7844, stack(0x0000000069510000,0x0000000069610000)]
  0x000000005f1fc800 JavaThread "jar transforms Thread 57" [_thread_blocked, id=3068, stack(0x0000000069350000,0x0000000069450000)]
  0x000000005f1fb800 JavaThread "jar transforms Thread 56" [_thread_blocked, id=3912, stack(0x0000000069190000,0x0000000069290000)]
  0x000000005f1fb000 JavaThread "jar transforms Thread 55" [_thread_blocked, id=6376, stack(0x0000000067c50000,0x0000000067d50000)]
  0x000000005f1fa000 JavaThread "jar transforms Thread 54" [_thread_blocked, id=4696, stack(0x00000000664c0000,0x00000000665c0000)]
  0x0000000060f24000 JavaThread "jar transforms Thread 53" [_thread_blocked, id=3000, stack(0x0000000068f90000,0x0000000069090000)]
  0x0000000060f23800 JavaThread "jar transforms Thread 52" [_thread_blocked, id=5908, stack(0x0000000068da0000,0x0000000068ea0000)]
  0x0000000060f22800 JavaThread "jar transforms Thread 51" [_thread_blocked, id=2076, stack(0x0000000068c40000,0x0000000068d40000)]
  0x0000000060f22000 JavaThread "jar transforms Thread 50" [_thread_blocked, id=6972, stack(0x0000000068ac0000,0x0000000068bc0000)]
  0x0000000060f21000 JavaThread "jar transforms Thread 49" [_thread_blocked, id=1800, stack(0x00000000689a0000,0x0000000068aa0000)]
  0x0000000060f20800 JavaThread "jar transforms Thread 48" [_thread_blocked, id=4576, stack(0x00000000687b0000,0x00000000688b0000)]
  0x0000000060f1f800 JavaThread "jar transforms Thread 47" [_thread_blocked, id=3408, stack(0x0000000068510000,0x0000000068610000)]
  0x0000000060f1f000 JavaThread "jar transforms Thread 46" [_thread_blocked, id=6572, stack(0x00000000676f0000,0x00000000677f0000)]
  0x0000000060f1e000 JavaThread "jar transforms Thread 45" [_thread_blocked, id=6660, stack(0x00000000683b0000,0x00000000684b0000)]
  0x0000000060f1d800 JavaThread "jar transforms Thread 44" [_thread_blocked, id=4724, stack(0x0000000068280000,0x0000000068380000)]
  0x000000005f827000 JavaThread "jar transforms Thread 43" [_thread_blocked, id=2940, stack(0x0000000067f90000,0x0000000068090000)]
  0x000000005f826000 JavaThread "jar transforms Thread 42" [_thread_blocked, id=5700, stack(0x0000000068090000,0x0000000068190000)]
  0x000000005f825800 JavaThread "jar transforms Thread 41" [_thread_blocked, id=6256, stack(0x0000000067e70000,0x0000000067f70000)]
  0x000000005f824800 JavaThread "jar transforms Thread 40" [_thread_blocked, id=944, stack(0x0000000067d60000,0x0000000067e60000)]
  0x000000005f824000 JavaThread "jar transforms Thread 39" [_thread_blocked, id=6196, stack(0x00000000670f0000,0x00000000671f0000)]
  0x000000005f823000 JavaThread "jar transforms Thread 38" [_thread_blocked, id=6164, stack(0x0000000067b40000,0x0000000067c40000)]
  0x000000005f822800 JavaThread "jar transforms Thread 37" [_thread_blocked, id=8180, stack(0x00000000679d0000,0x0000000067ad0000)]
  0x000000005f821800 JavaThread "jar transforms Thread 36" [_thread_blocked, id=6488, stack(0x0000000067800000,0x0000000067900000)]
  0x000000005f821000 JavaThread "jar transforms Thread 35" [_thread_blocked, id=5020, stack(0x00000000675f0000,0x00000000676f0000)]
  0x000000005f820000 JavaThread "jar transforms Thread 34" [_thread_blocked, id=6740, stack(0x0000000067440000,0x0000000067540000)]
  0x000000005e0ee000 JavaThread "jar transforms Thread 33" [_thread_blocked, id=7524, stack(0x0000000067320000,0x0000000067420000)]
  0x000000005e0ed800 JavaThread "jar transforms Thread 32" [_thread_blocked, id=7452, stack(0x0000000067200000,0x0000000067300000)]
  0x000000005e0ec800 JavaThread "jar transforms Thread 31" [_thread_blocked, id=5356, stack(0x0000000066ec0000,0x0000000066fc0000)]
  0x000000005e0ec000 JavaThread "jar transforms Thread 30" [_thread_blocked, id=1280, stack(0x0000000066ff0000,0x00000000670f0000)]
  0x000000005e0eb000 JavaThread "jar transforms Thread 29" [_thread_blocked, id=5320, stack(0x0000000066150000,0x0000000066250000)]
  0x000000005e0ea800 JavaThread "jar transforms Thread 28" [_thread_blocked, id=1636, stack(0x0000000066db0000,0x0000000066eb0000)]
  0x000000005e0e9800 JavaThread "jar transforms Thread 27" [_thread_blocked, id=1732, stack(0x0000000066c20000,0x0000000066d20000)]
  0x000000005e0e9000 JavaThread "jar transforms Thread 26" [_thread_blocked, id=6408, stack(0x0000000062cd0000,0x0000000062dd0000)]
  0x000000005e0e8000 JavaThread "jar transforms Thread 25" [_thread_blocked, id=7336, stack(0x0000000066aa0000,0x0000000066ba0000)]
  0x000000005e0e7800 JavaThread "jar transforms Thread 24" [_thread_blocked, id=6492, stack(0x0000000065030000,0x0000000065130000)]
  0x000000005e0e6800 JavaThread "jar transforms Thread 23" [_thread_blocked, id=6028, stack(0x0000000066970000,0x0000000066a70000)]
  0x000000005e0e6000 JavaThread "jar transforms Thread 22" [_thread_blocked, id=6320, stack(0x00000000667c0000,0x00000000668c0000)]
  0x000000005e0e5000 JavaThread "jar transforms Thread 21" [_thread_blocked, id=412, stack(0x00000000665c0000,0x00000000666c0000)]
  0x000000005e0e4800 JavaThread "Build operations Thread 4" [_thread_blocked, id=7512, stack(0x00000000663c0000,0x00000000664c0000)]
  0x000000005e0e3800 JavaThread "Build operations Thread 3" [_thread_blocked, id=7744, stack(0x0000000066250000,0x0000000066350000)]
  0x000000005e0e3000 JavaThread "Build operations Thread 2" [_thread_blocked, id=4200, stack(0x00000000640e0000,0x00000000641e0000)]
  0x000000005e0e2000 JavaThread "Build operations" [_thread_blocked, id=6832, stack(0x0000000064f30000,0x0000000065030000)]
  0x000000005e0e1800 JavaThread "Cache worker for Build Output Cleanup Cache (Z:\KUYliah\Pemrograman Mobile\tugas\1\CustomListView\.gradle\buildOutputCleanup)" [_thread_blocked, id=8164, stack(0x0000000064a20000,0x0000000064b20000)]
  0x0000000059535800 JavaThread "Cache worker for file content cache (C:\Users\masinul\.gradle\caches\6.7\fileContent)" [_thread_blocked, id=7764, stack(0x0000000064240000,0x0000000064340000)]
  0x0000000059534000 JavaThread "Cache worker for execution history cache (C:\Users\masinul\.gradle\caches\6.7\executionHistory)" [_thread_blocked, id=5640, stack(0x0000000063690000,0x0000000063790000)]
  0x0000000059533800 JavaThread "Cache worker for cache directory md-rule (C:\Users\masinul\.gradle\caches\6.7\md-rule)" [_thread_blocked, id=4508, stack(0x00000000639c0000,0x0000000063ac0000)]
  0x0000000059532800 JavaThread "Cache worker for cache directory md-supplier (C:\Users\masinul\.gradle\caches\6.7\md-supplier)" [_thread_blocked, id=6496, stack(0x00000000637e0000,0x00000000638e0000)]
  0x0000000059532000 JavaThread "Cache worker for checksums cache (Z:\KUYliah\Pemrograman Mobile\tugas\1\CustomListView\.gradle\checksums)" [_thread_blocked, id=1736, stack(0x0000000063590000,0x0000000063690000)]
  0x0000000059531000 JavaThread "jar transforms Thread 20" [_thread_blocked, id=8176, stack(0x0000000063240000,0x0000000063340000)]
  0x0000000059530800 JavaThread "jar transforms Thread 19" [_thread_blocked, id=6044, stack(0x00000000630a0000,0x00000000631a0000)]
  0x000000005952f800 JavaThread "jar transforms Thread 18" [_thread_blocked, id=4656, stack(0x0000000062f70000,0x0000000063070000)]
  0x000000005952e800 JavaThread "jar transforms Thread 17" [_thread_blocked, id=4524, stack(0x0000000062df0000,0x0000000062ef0000)]
  0x000000005952e000 JavaThread "jar transforms Thread 16" [_thread_blocked, id=5212, stack(0x00000000625d0000,0x00000000626d0000)]
  0x000000005952d000 JavaThread "jar transforms Thread 15" [_thread_blocked, id=4632, stack(0x0000000062bc0000,0x0000000062cc0000)]
  0x000000005952c800 JavaThread "jar transforms Thread 14" [_thread_blocked, id=4568, stack(0x0000000062a30000,0x0000000062b30000)]
  0x000000005952b800 JavaThread "jar transforms Thread 13" [_thread_blocked, id=5784, stack(0x0000000062870000,0x0000000062970000)]
  0x000000005952b000 JavaThread "jar transforms Thread 12" [_thread_blocked, id=7536, stack(0x00000000626e0000,0x00000000627e0000)]
  0x000000005952a000 JavaThread "jar transforms Thread 11" [_thread_blocked, id=2244, stack(0x0000000062400000,0x0000000062500000)]
  0x0000000059529800 JavaThread "jar transforms Thread 10" [_thread_blocked, id=6212, stack(0x0000000062240000,0x0000000062340000)]
  0x0000000059528800 JavaThread "jar transforms Thread 9" [_thread_blocked, id=7812, stack(0x0000000061fe0000,0x00000000620e0000)]
  0x0000000059528000 JavaThread "jar transforms Thread 8" [_thread_blocked, id=6368, stack(0x0000000062100000,0x0000000062200000)]
  0x0000000059527000 JavaThread "jar transforms Thread 7" [_thread_blocked, id=7216, stack(0x0000000061ed0000,0x0000000061fd0000)]
  0x000000005a97a000 JavaThread "jar transforms Thread 6" [_thread_blocked, id=6100, stack(0x00000000604b0000,0x00000000605b0000)]
  0x000000005a979000 JavaThread "jar transforms Thread 5" [_thread_blocked, id=6904, stack(0x0000000060360000,0x0000000060460000)]
  0x000000005a978800 JavaThread "jar transforms Thread 4" [_thread_blocked, id=7160, stack(0x0000000060230000,0x0000000060330000)]
  0x000000005a977800 JavaThread "jar transforms Thread 3" [_thread_blocked, id=6176, stack(0x000000005ba50000,0x000000005bb50000)]
  0x000000005a977000 JavaThread "jar transforms Thread 2" [_thread_blocked, id=5276, stack(0x0000000060080000,0x0000000060180000)]
  0x000000005a976000 JavaThread "jar transforms" [_thread_blocked, id=5856, stack(0x000000005ff80000,0x0000000060080000)]
  0x000000005a975800 JavaThread "Cache worker for file hash cache (Z:\KUYliah\Pemrograman Mobile\tugas\1\CustomListView\.gradle\6.7\fileHashes)" [_thread_blocked, id=5736, stack(0x000000005e8a0000,0x000000005e9a0000)]
  0x000000005a974800 JavaThread "Cache worker for journal cache (C:\Users\masinul\.gradle\caches\journal-1)" [_thread_blocked, id=6912, stack(0x000000005e9f0000,0x000000005eaf0000)]
  0x000000005a974000 JavaThread "File lock request listener" [_thread_in_native, id=8076, stack(0x000000005d780000,0x000000005d880000)]
  0x000000005a973000 JavaThread "Cache worker for file hash cache (C:\Users\masinul\.gradle\caches\6.7\fileHashes)" [_thread_blocked, id=7708, stack(0x000000005d610000,0x000000005d710000)]
  0x000000005a983000 JavaThread "Thread-9" [_thread_blocked, id=1728, stack(0x000000005c1e0000,0x000000005c2e0000)]
  0x0000000059f85800 JavaThread "Stdin handler" [_thread_blocked, id=3348, stack(0x000000005c300000,0x000000005c400000)]
  0x0000000059f85000 JavaThread "Asynchronous log dispatcher for DefaultDaemonConnection: socket connection from /127.0.0.1:64284 to /127.0.0.1:64286" [_thread_blocked, id=7664, stack(0x0000000059280000,0x0000000059380000)]
  0x0000000059f96000 JavaThread "Daemon worker" [_thread_blocked, id=3852, stack(0x000000005c0a0000,0x000000005c1a0000)]
  0x0000000059f94800 JavaThread "Cancel handler" [_thread_blocked, id=7636, stack(0x000000005aea0000,0x000000005afa0000)]
  0x000000005a961000 JavaThread "Handler for socket connection from /127.0.0.1:64284 to /127.0.0.1:64286" [_thread_in_native, id=8036, stack(0x000000005bf80000,0x000000005c080000)]
  0x000000005a960000 JavaThread "Daemon" [_thread_blocked, id=4808, stack(0x000000005bb90000,0x000000005bc90000)]
  0x0000000059f54800 JavaThread "Daemon periodic checks" [_thread_blocked, id=6448, stack(0x000000005b950000,0x000000005ba50000)]
  0x0000000059f52800 JavaThread "Incoming local TCP Connector on port 64284" [_thread_in_native, id=6540, stack(0x000000005b7a0000,0x000000005b8a0000)]
  0x0000000059ec5000 JavaThread "Daemon health stats" [_thread_blocked, id=1760, stack(0x000000005afb0000,0x000000005b0b0000)]
  0x0000000058b19000 JavaThread "Service Thread" daemon [_thread_blocked, id=1300, stack(0x0000000058fc0000,0x00000000590c0000)]
  0x0000000058b18800 JavaThread "C1 CompilerThread2" daemon [_thread_in_vm, id=5444, stack(0x0000000059180000,0x0000000059280000)]
  0x0000000058b17800 JavaThread "C2 CompilerThread1" daemon [_thread_in_native, id=7904, stack(0x0000000058ec0000,0x0000000058fc0000)]
=>0x00000000571e6800 JavaThread "C2 CompilerThread0" daemon [_thread_in_native, id=6828, stack(0x0000000058650000,0x0000000058750000)]
  0x00000000571e5800 JavaThread "Attach Listener" daemon [_thread_blocked, id=2264, stack(0x00000000589c0000,0x0000000058ac0000)]
  0x00000000571e4000 JavaThread "Signal Dispatcher" daemon [_thread_blocked, id=6140, stack(0x0000000058810000,0x0000000058910000)]
  0x00000000571ca800 JavaThread "Finalizer" daemon [_thread_blocked, id=7568, stack(0x0000000058520000,0x0000000058620000)]
  0x00000000571c3000 JavaThread "Reference Handler" daemon [_thread_blocked, id=7960, stack(0x00000000583d0000,0x00000000584d0000)]
  0x0000000001fae800 JavaThread "main" [_thread_blocked, id=5400, stack(0x0000000002010000,0x0000000002110000)]

Other Threads:
  0x0000000057179800 VMThread [stack: 0x0000000058200000,0x0000000058300000] [id=5820]
  0x0000000058b1a800 WatcherThread [stack: 0x0000000059390000,0x0000000059490000] [id=5512]

VM state:not at safepoint (normal execution)

VM Mutex/Monitor currently owned by a thread:  ([mutex/lock_event])
[0x0000000001fabcd0] CodeCache_lock - owner thread: 0x0000000000000000

heap address: 0x0000000080000000, size: 2048 MB, Compressed Oops mode: 32-bit
Narrow klass base: 0x0000000000000000, Narrow klass shift: 0
Compressed class space size: 1073741824 Address: 0x00000000167f0000

Heap:
 PSYoungGen      total 310272K, used 54590K [0x00000000d5580000, 0x00000000e9e00000, 0x0000000100000000)
  eden space 288256K, 11% used [0x00000000d5580000,0x00000000d7553888,0x00000000e6f00000)
  from space 22016K, 99% used [0x00000000e6f00000,0x00000000e847c090,0x00000000e8480000)
  to   space 16384K, 0% used [0x00000000e8480000,0x00000000e8480000,0x00000000e9480000)
 ParOldGen       total 56320K, used 37766K [0x0000000080000000, 0x0000000083700000, 0x00000000d5580000)
  object space 56320K, 67% used [0x0000000080000000,0x00000000824e1bc8,0x0000000083700000)
 Metaspace       used 74525K, capacity 77888K, committed 78080K, reserved 1116160K
  class space    used 10300K, capacity 10985K, committed 11008K, reserved 1048576K

Card table byte_map: [0x00000000117a0000,0x0000000011bb0000] byte_map_base: 0x00000000113a0000

Marking Bits: (ParMarkBitMap*) 0x0000000060e3f030
 Begin Bits: [0x00000000123f0000, 0x00000000143f0000)
 End Bits:   [0x00000000143f0000, 0x00000000163f0000)

Polling page: 0x0000000000110000

CodeCache: size=245760Kb used=22374Kb max_used=22397Kb free=223385Kb
 bounds [0x00000000023e0000, 0x00000000039d0000, 0x00000000113e0000]
 total_blobs=7781 nmethods=6984 adapters=707
 compilation: disabled (not enough contiguous free space left)

Compilation events (10 events):
Event: 40.024 Thread 0x0000000058b18800 7822   !   3       sun.nio.fs.WindowsDirectoryStream::<init> (104 bytes)
Event: 40.026 Thread 0x0000000058b18800 nmethod 7822 0x00000000039cb890 code [0x00000000039cbac0, 0x00000000039cc4d8]
Event: 40.026 Thread 0x0000000058b18800 7825       3       org.gradle.internal.snapshot.impl.DirectorySnapshotter$PathVisitor::postVisitDirectory (100 bytes)
Event: 40.029 Thread 0x0000000058b18800 nmethod 7825 0x00000000039cca90 code [0x00000000039ccd80, 0x00000000039ce388]
Event: 40.030 Thread 0x0000000058b18800 7826       3       org.gradle.internal.operations.DefaultBuildOperationQueue$WorkerRunnable::access$700 (5 bytes)
Event: 40.030 Thread 0x0000000058b18800 nmethod 7826 0x00000000039cef50 code [0x00000000039cf0c0, 0x00000000039cf228]
Event: 40.032 Thread 0x0000000058b18800 7827       3       org.gradle.internal.event.DefaultListenerManager$EventBroadcast::dispatch (9 bytes)
Event: 40.032 Thread 0x0000000058b18800 nmethod 7827 0x00000000039cf310 code [0x00000000039cf480, 0x00000000039cf768]
Event: 40.032 Thread 0x0000000058b18800 7828       3       org.gradle.internal.fingerprint.impl.DefaultCurrentFileCollectionFingerprint$1::visitFile (21 bytes)
Event: 40.033 Thread 0x0000000058b18800 nmethod 7828 0x00000000039cf890 code [0x00000000039cfa20, 0x00000000039cfdd8]

GC Heap History (10 events):
Event: 23.730 GC heap before
{Heap before GC invocations=12 (full 2):
 PSYoungGen      total 219648K, used 8363K [0x00000000d5580000, 0x00000000e3980000, 0x0000000100000000)
  eden space 207360K, 0% used [0x00000000d5580000,0x00000000d5580000,0x00000000e2000000)
  from space 12288K, 68% used [0x00000000e2c80000,0x00000000e34aaf20,0x00000000e3880000)
  to   space 12800K, 0% used [0x00000000e2000000,0x00000000e2000000,0x00000000e2c80000)
 ParOldGen       total 22016K, used 12841K [0x0000000080000000, 0x0000000081580000, 0x00000000d5580000)
  object space 22016K, 58% used [0x0000000080000000,0x0000000080c8a478,0x0000000081580000)
 Metaspace       used 34025K, capacity 35354K, committed 35496K, reserved 1079296K
  class space    used 4685K, capacity 5034K, committed 5120K, reserved 1048576K
Event: 23.949 GC heap after
Heap after GC invocations=12 (full 2):
 PSYoungGen      total 219648K, used 0K [0x00000000d5580000, 0x00000000e3980000, 0x0000000100000000)
  eden space 207360K, 0% used [0x00000000d5580000,0x00000000d5580000,0x00000000e2000000)
  from space 12288K, 0% used [0x00000000e2c80000,0x00000000e2c80000,0x00000000e3880000)
  to   space 12800K, 0% used [0x00000000e2000000,0x00000000e2000000,0x00000000e2c80000)
 ParOldGen       total 32768K, used 15334K [0x0000000080000000, 0x0000000082000000, 0x00000000d5580000)
  object space 32768K, 46% used [0x0000000080000000,0x0000000080ef9a50,0x0000000082000000)
 Metaspace       used 34025K, capacity 35354K, committed 35496K, reserved 1079296K
  class space    used 4685K, capacity 5034K, committed 5120K, reserved 1048576K
}
Event: 28.939 GC heap before
{Heap before GC invocations=13 (full 2):
 PSYoungGen      total 219648K, used 207360K [0x00000000d5580000, 0x00000000e3980000, 0x0000000100000000)
  eden space 207360K, 100% used [0x00000000d5580000,0x00000000e2000000,0x00000000e2000000)
  from space 12288K, 0% used [0x00000000e2c80000,0x00000000e2c80000,0x00000000e3880000)
  to   space 12800K, 0% used [0x00000000e2000000,0x00000000e2000000,0x00000000e2c80000)
 ParOldGen       total 32768K, used 15334K [0x0000000080000000, 0x0000000082000000, 0x00000000d5580000)
  object space 32768K, 46% used [0x0000000080000000,0x0000000080ef9a50,0x0000000082000000)
 Metaspace       used 46059K, capacity 48214K, committed 48384K, reserved 1091584K
  class space    used 6220K, capacity 6605K, committed 6656K, reserved 1048576K
Event: 28.976 GC heap after
Heap after GC invocations=13 (full 2):
 PSYoungGen      total 220160K, used 12776K [0x00000000d5580000, 0x00000000e9480000, 0x0000000100000000)
  eden space 207360K, 0% used [0x00000000d5580000,0x00000000d5580000,0x00000000e2000000)
  from space 12800K, 99% used [0x00000000e2000000,0x00000000e2c7a070,0x00000000e2c80000)
  to   space 16384K, 0% used [0x00000000e8480000,0x00000000e8480000,0x00000000e9480000)
 ParOldGen       total 32768K, used 20114K [0x0000000080000000, 0x0000000082000000, 0x00000000d5580000)
  object space 32768K, 61% used [0x0000000080000000,0x00000000813a4a60,0x0000000082000000)
 Metaspace       used 46059K, capacity 48214K, committed 48384K, reserved 1091584K
  class space    used 6220K, capacity 6605K, committed 6656K, reserved 1048576K
}
Event: 32.272 GC heap before
{Heap before GC invocations=14 (full 2):
 PSYoungGen      total 220160K, used 154859K [0x00000000d5580000, 0x00000000e9480000, 0x0000000100000000)
  eden space 207360K, 68% used [0x00000000d5580000,0x00000000de040ba8,0x00000000e2000000)
  from space 12800K, 99% used [0x00000000e2000000,0x00000000e2c7a070,0x00000000e2c80000)
  to   space 16384K, 0% used [0x00000000e8480000,0x00000000e8480000,0x00000000e9480000)
 ParOldGen       total 32768K, used 20114K [0x0000000080000000, 0x0000000082000000, 0x00000000d5580000)
  object space 32768K, 61% used [0x0000000080000000,0x00000000813a4a60,0x0000000082000000)
 Metaspace       used 56568K, capacity 58954K, committed 59160K, reserved 1099776K
  class space    used 7798K, capacity 8303K, committed 8320K, reserved 1048576K
Event: 32.379 GC heap after
Heap after GC invocations=14 (full 2):
 PSYoungGen      total 304640K, used 16372K [0x00000000d5580000, 0x00000000e9e00000, 0x0000000100000000)
  eden space 288256K, 0% used [0x00000000d5580000,0x00000000d5580000,0x00000000e6f00000)
  from space 16384K, 99% used [0x00000000e8480000,0x00000000e947d068,0x00000000e9480000)
  to   space 22016K, 0% used [0x00000000e6f00000,0x00000000e6f00000,0x00000000e8480000)
 ParOldGen       total 32768K, used 28272K [0x0000000080000000, 0x0000000082000000, 0x00000000d5580000)
  object space 32768K, 86% used [0x0000000080000000,0x0000000081b9c010,0x0000000082000000)
 Metaspace       used 56568K, capacity 58954K, committed 59160K, reserved 1099776K
  class space    used 7798K, capacity 8303K, committed 8320K, reserved 1048576K
}
Event: 32.379 GC heap before
{Heap before GC invocations=15 (full 3):
 PSYoungGen      total 304640K, used 16372K [0x00000000d5580000, 0x00000000e9e00000, 0x0000000100000000)
  eden space 288256K, 0% used [0x00000000d5580000,0x00000000d5580000,0x00000000e6f00000)
  from space 16384K, 99% used [0x00000000e8480000,0x00000000e947d068,0x00000000e9480000)
  to   space 22016K, 0% used [0x00000000e6f00000,0x00000000e6f00000,0x00000000e8480000)
 ParOldGen       total 32768K, used 28272K [0x0000000080000000, 0x0000000082000000, 0x00000000d5580000)
  object space 32768K, 86% used [0x0000000080000000,0x0000000081b9c010,0x0000000082000000)
 Metaspace       used 56568K, capacity 58954K, committed 59160K, reserved 1099776K
  class space    used 7798K, capacity 8303K, committed 8320K, reserved 1048576K
Event: 32.815 GC heap after
Heap after GC invocations=15 (full 3):
 PSYoungGen      total 304640K, used 4808K [0x00000000d5580000, 0x00000000e9e00000, 0x0000000100000000)
  eden space 288256K, 0% used [0x00000000d5580000,0x00000000d5580000,0x00000000e6f00000)
  from space 16384K, 29% used [0x00000000e8480000,0x00000000e8932038,0x00000000e9480000)
  to   space 22016K, 0% used [0x00000000e6f00000,0x00000000e6f00000,0x00000000e8480000)
 ParOldGen       total 56320K, used 32569K [0x0000000080000000, 0x0000000083700000, 0x00000000d5580000)
  object space 56320K, 57% used [0x0000000080000000,0x0000000081fce400,0x0000000083700000)
 Metaspace       used 56559K, capacity 58924K, committed 59160K, reserved 1099776K
  class space    used 7795K, capacity 8298K, committed 8320K, reserved 1048576K
}
Event: 39.223 GC heap before
{Heap before GC invocations=16 (full 3):
 PSYoungGen      total 304640K, used 293064K [0x00000000d5580000, 0x00000000e9e00000, 0x0000000100000000)
  eden space 288256K, 100% used [0x00000000d5580000,0x00000000e6f00000,0x00000000e6f00000)
  from space 16384K, 29% used [0x00000000e8480000,0x00000000e8932038,0x00000000e9480000)
  to   space 22016K, 0% used [0x00000000e6f00000,0x00000000e6f00000,0x00000000e8480000)
 ParOldGen       total 56320K, used 32569K [0x0000000080000000, 0x0000000083700000, 0x00000000d5580000)
  object space 56320K, 57% used [0x0000000080000000,0x0000000081fce400,0x0000000083700000)
 Metaspace       used 74219K, capacity 77600K, committed 77824K, reserved 1116160K
  class space    used 10284K, capacity 10981K, committed 11008K, reserved 1048576K
Event: 39.290 GC heap after
Heap after GC invocations=16 (full 3):
 PSYoungGen      total 310272K, used 22000K [0x00000000d5580000, 0x00000000e9e00000, 0x0000000100000000)
  eden space 288256K, 0% used [0x00000000d5580000,0x00000000d5580000,0x00000000e6f00000)
  from space 22016K, 99% used [0x00000000e6f00000,0x00000000e847c090,0x00000000e8480000)
  to   space 16384K, 0% used [0x00000000e8480000,0x00000000e8480000,0x00000000e9480000)
 ParOldGen       total 56320K, used 37766K [0x0000000080000000, 0x0000000083700000, 0x00000000d5580000)
  object space 56320K, 67% used [0x0000000080000000,0x00000000824e1bc8,0x0000000083700000)
 Metaspace       used 74219K, capacity 77600K, committed 77824K, reserved 1116160K
  class space    used 10284K, capacity 10981K, committed 11008K, reserved 1048576K
}

Deoptimization events (10 events):
Event: 38.972 Thread 0x000000005e0e3000 Uncommon trap: reason=unstable_if action=reinterpret pc=0x0000000003913f24 method=java.util.concurrent.ConcurrentHashMap.addCount(JI)V @ 168
Event: 38.973 Thread 0x000000005e0e3000 Uncommon trap: reason=unstable_if action=reinterpret pc=0x0000000002579204 method=java.util.concurrent.ConcurrentHashMap.addCount(JI)V @ 168
Event: 38.987 Thread 0x0000000059f96000 Uncommon trap: reason=unstable_if action=reinterpret pc=0x000000000258276c method=java.util.concurrent.ConcurrentHashMap.transfer([Ljava/util/concurrent/ConcurrentHashMap$Node;[Ljava/util/concurrent/ConcurrentHashMap$Node;)V @ 34
Event: 38.999 Thread 0x0000000059f96000 Uncommon trap: reason=unstable_if action=reinterpret pc=0x000000000331a3cc method=java.util.concurrent.ConcurrentHashMap.addCount(JI)V @ 7
Event: 38.999 Thread 0x000000005e0e3000 Uncommon trap: reason=unstable_if action=reinterpret pc=0x000000000331a3cc method=java.util.concurrent.ConcurrentHashMap.addCount(JI)V @ 7
Event: 39.052 Thread 0x000000005e0e3800 Uncommon trap: reason=unstable_if action=reinterpret pc=0x00000000026cdeec method=java.lang.String$CaseInsensitiveComparator.compare(Ljava/lang/String;Ljava/lang/String;)I @ 70
Event: 39.293 Thread 0x00000000571ca800 Uncommon trap: reason=unstable_if action=reinterpret pc=0x00000000034c0eb8 method=java.util.HashMap$HashIterator.<init>(Ljava/util/HashMap;)V @ 45
Event: 39.587 Thread 0x0000000059534000 Uncommon trap: reason=unstable_if action=reinterpret pc=0x00000000026dc234 method=com.esotericsoftware.kryo.io.Input.readVarInt(Z)I @ 42
Event: 39.587 Thread 0x0000000059534000 Uncommon trap: reason=unstable_if action=reinterpret pc=0x0000000002f5c70c method=com.esotericsoftware.kryo.io.Input.readUtf8(I)V @ 79
Event: 39.613 Thread 0x0000000059534000 Uncommon trap: reason=unstable_if action=reinterpret pc=0x000000000272a424 method=com.esotericsoftware.kryo.io.Input.readVarInt(Z)I @ 42

Classes redefined (0 events):
No events

Internal exceptions (10 events):
Event: 38.097 Thread 0x0000000059f96000 Exception <a 'java/lang/ClassNotFoundException': org/gradle/api/plugins/internal/DefaultJavaPluginConventionCustomizer> (0x00000000e4141f90) thrown at [C:\src\AOSP-openjdk-git\hotspot\src\share\vm\classfile\systemDictionary.cpp, line 210]
Event: 38.102 Thread 0x0000000059f96000 Exception <a 'java/lang/ClassNotFoundException': org/gradle/api/plugins/internal/DefaultBasePluginConventionBeanInfo> (0x00000000e41e45f0) thrown at [C:\src\AOSP-openjdk-git\hotspot\src\share\vm\classfile\systemDictionary.cpp, line 210]
Event: 38.103 Thread 0x0000000059f96000 Exception <a 'java/lang/ClassNotFoundException': org/gradle/api/plugins/BasePluginConventionBeanInfo> (0x00000000e42108c8) thrown at [C:\src\AOSP-openjdk-git\hotspot\src\share\vm\classfile\systemDictionary.cpp, line 210]
Event: 38.104 Thread 0x0000000059f96000 Exception <a 'java/lang/ClassNotFoundException': org/gradle/api/plugins/BasePluginConventionCustomizer> (0x00000000e423d768) thrown at [C:\src\AOSP-openjdk-git\hotspot\src\share\vm\classfile\systemDictionary.cpp, line 210]
Event: 38.105 Thread 0x0000000059f96000 Exception <a 'java/lang/ClassNotFoundException': org/gradle/api/plugins/internal/DefaultBasePluginConventionCustomizer> (0x00000000e4287e68) thrown at [C:\src\AOSP-openjdk-git\hotspot\src\share\vm\classfile\systemDictionary.cpp, line 210]
Event: 38.863 Thread 0x000000005e0e2000 Exception <a 'java/lang/NoSuchMethodError': java.lang.Object.lambda$flatMap$1(Ljava/util/function/Function;Lorg/gradle/internal/Try;)Lorg/gradle/api/internal/artifacts/transform/CacheableInvocation;> (0x00000000e6097828) thrown at [C:\src\AOSP-openjdk-git
Event: 38.864 Thread 0x000000005e0e2000 Exception <a 'java/lang/NoSuchMethodError': java.lang.Object.lambda$flatMap$4(Ljava/util/function/Function;)Lorg/gradle/api/internal/artifacts/transform/CacheableInvocation;> (0x00000000e609bc58) thrown at [C:\src\AOSP-openjdk-git\hotspot\src\share\vm\int
Event: 38.864 Thread 0x000000005e0e2000 Exception <a 'java/lang/NoSuchMethodError': java.lang.Object.lambda$flatMap$3(Ljava/util/function/Function;)Lorg/gradle/internal/Try;> (0x00000000e60a0b18) thrown at [C:\src\AOSP-openjdk-git\hotspot\src\share\vm\interpreter\linkResolver.cpp, line 620]
Event: 39.039 Thread 0x0000000059f96000 Exception <a 'java/lang/NoSuchMethodError': java.lang.Object.lambda$flatMap$2(Ljava/util/function/Function;Ljava/lang/Object;)Lorg/gradle/internal/Try;> (0x00000000e5e00c78) thrown at [C:\src\AOSP-openjdk-git\hotspot\src\share\vm\interpreter\linkResolver.
Event: 39.801 Thread 0x0000000059f96000 Exception <a 'java/lang/NoSuchMethodError': java.lang.Object.lambda$flatMap$0(Ljava/lang/Throwable;)Lorg/gradle/api/internal/artifacts/transform/CacheableInvocation;> (0x00000000d5e38688) thrown at [C:\src\AOSP-openjdk-git\hotspot\src\share\vm\interpreter

Events (10 events):
Event: 39.995 Executing VM operation: RevokeBias
Event: 39.996 Executing VM operation: RevokeBias done
Event: 39.997 Executing VM operation: RevokeBias
Event: 39.998 Executing VM operation: RevokeBias done
Event: 40.000 Executing VM operation: RevokeBias
Event: 40.001 Executing VM operation: RevokeBias done
Event: 40.012 Executing VM operation: RevokeBias
Event: 40.012 Executing VM operation: RevokeBias done
Event: 40.033 Executing VM operation: BulkRevokeBias
Event: 40.035 Executing VM operation: BulkRevokeBias done


Dynamic libraries:
0x000000013f120000 - 0x000000013f151000 	C:\MSNL\KUYliah\Pemrograman Mobile\apps\jre\bin\java.exe
0x00000000771f0000 - 0x0000000077399000 	C:\Windows\SYSTEM32\ntdll.dll
0x0000000076fd0000 - 0x00000000770ef000 	C:\Windows\system32\kernel32.dll
0x000007fefd310000 - 0x000007fefd37b000 	C:\Windows\system32\KERNELBASE.dll
0x000007fefe180000 - 0x000007fefe25b000 	C:\Windows\system32\ADVAPI32.dll
0x000007fefe260000 - 0x000007fefe2ff000 	C:\Windows\system32\msvcrt.dll
0x000007fefd860000 - 0x000007fefd87f000 	C:\Windows\SYSTEM32\sechost.dll
0x000007fefd910000 - 0x000007fefda3d000 	C:\Windows\system32\RPCRT4.dll
0x00000000770f0000 - 0x00000000771ea000 	C:\Windows\system32\USER32.dll
0x000007fefe510000 - 0x000007fefe577000 	C:\Windows\system32\GDI32.dll
0x000007fefd880000 - 0x000007fefd88e000 	C:\Windows\system32\LPK.dll
0x000007fefd790000 - 0x000007fefd859000 	C:\Windows\system32\USP10.dll
0x000007fefbc10000 - 0x000007fefbe04000 	C:\Windows\WinSxS\amd64_microsoft.windows.common-controls_6595b64144ccf1df_6.0.7601.17514_none_fa396087175ac9ac\COMCTL32.dll
0x000007fefd690000 - 0x000007fefd701000 	C:\Windows\system32\SHLWAPI.dll
0x000007fefd760000 - 0x000007fefd78e000 	C:\Windows\system32\IMM32.DLL
0x000007fefdc50000 - 0x000007fefdd59000 	C:\Windows\system32\MSCTF.dll
0x00000000696f0000 - 0x00000000697c2000 	C:\MSNL\KUYliah\Pemrograman Mobile\apps\jre\jre\bin\msvcr100.dll
0x0000000060670000 - 0x0000000060ebb000 	C:\MSNL\KUYliah\Pemrograman Mobile\apps\jre\jre\bin\server\jvm.dll
0x000007fefbb50000 - 0x000007fefbb59000 	C:\Windows\system32\WSOCK32.dll
0x000007fefd710000 - 0x000007fefd75d000 	C:\Windows\system32\WS2_32.dll
0x000007fefe760000 - 0x000007fefe768000 	C:\Windows\system32\NSI.dll
0x000007fefb270000 - 0x000007fefb2ab000 	C:\Windows\system32\WINMM.dll
0x000007fefc2a0000 - 0x000007fefc2ac000 	C:\Windows\system32\VERSION.dll
0x00000000773b0000 - 0x00000000773b7000 	C:\Windows\system32\PSAPI.DLL
0x000007fef5f70000 - 0x000007fef5f7f000 	C:\MSNL\KUYliah\Pemrograman Mobile\apps\jre\jre\bin\verify.dll
0x000007fee5490000 - 0x000007fee54b9000 	C:\MSNL\KUYliah\Pemrograman Mobile\apps\jre\jre\bin\java.dll
0x000007fee5470000 - 0x000007fee5486000 	C:\MSNL\KUYliah\Pemrograman Mobile\apps\jre\jre\bin\zip.dll
0x000007fefe770000 - 0x000007feff4f8000 	C:\Windows\system32\SHELL32.dll
0x000007fefe300000 - 0x000007fefe503000 	C:\Windows\system32\ole32.dll
0x000007fefd140000 - 0x000007fefd14f000 	C:\Windows\system32\profapi.dll
0x000007fee5450000 - 0x000007fee546a000 	C:\MSNL\KUYliah\Pemrograman Mobile\apps\jre\jre\bin\net.dll
0x000007fefc970000 - 0x000007fefc9c5000 	C:\Windows\system32\mswsock.dll
0x000007fefc960000 - 0x000007fefc967000 	C:\Windows\System32\wship6.dll
0x000007fee5330000 - 0x000007fee5343000 	C:\MSNL\KUYliah\Pemrograman Mobile\apps\jre\jre\bin\nio.dll
0x000007fee4520000 - 0x000007fee4546000 	C:\Users\masinul\.gradle\native\fdc75f09e3144964f2cf3f50f0aa648679c211496f362492102eb8c894070792\windows-amd64\native-platform.dll
0x000007fee1290000 - 0x000007fee1421000 	C:\Users\masinul\.gradle\native\12488b8bf47d2d4c9fbf2f6322a914ad602e24e48041cd04a747c6da556b65c4\windows-amd64\native-platform-file-events.dll
0x000007fef4410000 - 0x000007fef441d000 	C:\MSNL\KUYliah\Pemrograman Mobile\apps\jre\jre\bin\management.dll
0x000007fefc9d0000 - 0x000007fefc9e7000 	C:\Windows\system32\CRYPTSP.dll
0x000007fefc6d0000 - 0x000007fefc717000 	C:\Windows\system32\rsaenh.dll
0x000007fefc480000 - 0x000007fefc49e000 	C:\Windows\system32\USERENV.dll
0x000007fefd030000 - 0x000007fefd03f000 	C:\Windows\system32\CRYPTBASE.dll
0x000007fefac00000 - 0x000007fefac27000 	C:\Windows\system32\IPHLPAPI.DLL
0x000007fefab90000 - 0x000007fefab9b000 	C:\Windows\system32\WINNSI.DLL
0x000007fefa6c0000 - 0x000007fefa6d8000 	C:\Windows\system32\dhcpcsvc.DLL
0x000007fefa680000 - 0x000007fefa691000 	C:\Windows\system32\dhcpcsvc6.DLL

VM Arguments:
jvm_args: -Xmx2048m -Dfile.encoding=windows-1252 -Duser.country=US -Duser.language=en -Duser.variant 
java_command: org.gradle.launcher.daemon.bootstrap.GradleDaemon 6.7
java_class_path (initial): C:\Users\masinul\.gradle\wrapper\dists\gradle-6.7-bin\efvqh8uyq79v2n7rcncuhu9sv\gradle-6.7\lib\gradle-launcher-6.7.jar
Launcher Type: SUN_STANDARD

Environment Variables:
PATH=C:\Windows\system32;C:\Windows;C:\Windows\System32\Wbem;C:\Windows\System32\WindowsPowerShell\v1.0\;C:\adb;C:\Program Files\nodejs\;C:\Program Files\PuTTY\;C:\Program Files\Git\cmd;C:\Users\masinul\AppData\Roaming\npm;C:\Program Files (x86)\heroku\bin
USERNAME=masinul
OS=Windows_NT
PROCESSOR_IDENTIFIER=Intel64 Family 6 Model 42 Stepping 7, GenuineIntel



---------------  S Y S T E M  ---------------

OS: Windows 7 , 64 bit Build 7601 (6.1.7601.17514)

CPU:total 4 (initial active 4) (2 cores per cpu, 2 threads per core) family 6 model 42 stepping 7, cmov, cx8, fxsr, mmx, sse, sse2, sse3, ssse3, sse4.1, sse4.2, popcnt, avx, clmul, ht, tsc, tscinvbit

Memory: 4k page, physical 2043760k(91588k free), swap 8175040k(5156k free)

vm_info: OpenJDK 64-Bit Server VM (25.242-b01) for windows-amd64 JRE (1.8.0_242-release-1644-b01), built by "builder" with MS VC++ 10.0 (VS2010)

time: Sun Nov 01 17:20:17 2020
timezone: SE Asia Standard Time
elapsed time: 40 seconds (0d 0h 0m 40s)

